#
# There is insufficient memory for the Java Runtime Environment to continue.
# Native memory allocation (malloc) failed to allocate 32744 bytes. Error detail: Chunk::new
# Possible reasons:
#   The system is out of physical RAM or swap space
#   This process is running with CompressedOops enabled, and the Java Heap may be blocking the growth of the native heap
# Possible solutions:
#   Reduce memory load on the system
#   Increase physical memory or swap space
#   Check if swap backing store is full
#   Decrease Java heap size (-Xmx/-Xms)
#   Decrease number of Java threads
#   Decrease Java thread stack sizes (-Xss)
#   Set larger code cache with -XX:ReservedCodeCacheSize=
#   JVM is running with Unscaled Compressed Oops mode in which the Java heap is
#     placed in the first 4GB address space. The Java Heap base address is the
#     maximum limit for the native heap growth. Please use -XX:HeapBaseMinAddress
#     to set the Java Heap base and to place the Java Heap above 4GB virtual address.
# This output file may be truncated or incomplete.
#
#  Out of Memory Error (arena.cpp:150), pid=8104, tid=8224
#
# JRE version: Java(TM) SE Runtime Environment (22.0.2+9) (build 22.0.2+9-70)
# Java VM: Java HotSpot(TM) 64-Bit Server VM (22.0.2+9-70, mixed mode, sharing, tiered, compressed oops, compressed class ptrs, g1 gc, windows-amd64)
# No core dump will be written. Minidumps are not enabled by default on client versions of Windows
#

---------------  S U M M A R Y ------------

Command Line: -Dcom.sun.management.jmxremote -Dcom.sun.management.jmxremote.port=51493 -Dcom.sun.management.jmxremote.authenticate=false -Dcom.sun.management.jmxremote.ssl=false -Dspring.jmx.enabled=true -Djava.rmi.server.hostname=localhost -Dspring.application.admin.enabled=true -Dspring.boot.project.name=orientaTCC -XX:+ShowCodeDetailsInExceptionMessages dac.orientaTCC.OrientaTccApplication

Host: 11th Gen Intel(R) Core(TM) i3-1115G4 @ 3.00GHz, 4 cores, 3G,  Windows 11 , 64 bit Build 26100 (10.0.26100.4484)
Time: Wed Aug 13 23:50:00 2025 Hora Padrão de Buenos Aires elapsed time: 881.005852 seconds (0d 0h 14m 41s)

---------------  T H R E A D  ---------------

Current thread (0x000001ebfa0c3e10):  JavaThread "C2 CompilerThread0" daemon [_thread_in_native, id=8224, stack(0x000000e484400000,0x000000e484500000) (1024K)]


Current CompileTask:
C2:881006 10487       4       jdk.internal.loader.URLClassPath$1::next (59 bytes)

Stack: [0x000000e484400000,0x000000e484500000]
Native frames: (J=compiled Java code, j=interpreted, Vv=VM code, C=native code)
V  [jvm.dll+0x6e26e9]  (no source info available)
V  [jvm.dll+0x875753]  (no source info available)
V  [jvm.dll+0x877b7e]  (no source info available)
V  [jvm.dll+0x878253]  (no source info available)
V  [jvm.dll+0x27fc86]  (no source info available)
V  [jvm.dll+0xc3d0f]  (no source info available)
V  [jvm.dll+0xc40fb]  (no source info available)
V  [jvm.dll+0xc3bbb]  (no source info available)
V  [jvm.dll+0x6bf18c]  (no source info available)
V  [jvm.dll+0x60d0eb]  (no source info available)
V  [jvm.dll+0x60c3d8]  (no source info available)
V  [jvm.dll+0x250c92]  (no source info available)
V  [jvm.dll+0x248d0e]  (no source info available)
V  [jvm.dll+0x246da6]  (no source info available)
V  [jvm.dll+0x1c4e80]  (no source info available)
V  [jvm.dll+0x2568f3]  (no source info available)
V  [jvm.dll+0x254baa]  (no source info available)
V  [jvm.dll+0x3f57a6]  (no source info available)
V  [jvm.dll+0x81dc0b]  (no source info available)
V  [jvm.dll+0x6e0d85]  (no source info available)
C  [ucrtbase.dll+0x37b0]  (no source info available)
C  [KERNEL32.DLL+0x2e8d7]  (no source info available)
C  [ntdll.dll+0x3c34c]  (no source info available)


---------------  P R O C E S S  ---------------

Threads class SMR info:
_java_thread_list=0x000001ebc90cd460, length=34, elements={
0x000001ebfa0b8690, 0x000001ebfa0b9e10, 0x000001ebfa0be090, 0x000001ebfa0c2510,
0x000001ebfa0c0500, 0x000001ebfa0c1050, 0x000001ebfa0c3e10, 0x000001ebfa0e9000,
0x000001ebfa08a2c0, 0x000001ebc52a2720, 0x000001ebc5d221f0, 0x000001ebc59ed280,
0x000001ebc57e7ee0, 0x000001ebc64d94e0, 0x000001ebc68b35d0, 0x000001ebc68b3c60,
0x000001ebc68b42f0, 0x000001ebc68b1500, 0x000001ebc68b28b0, 0x000001ebc68b1b90,
0x000001ebc68b2220, 0x000001ebc68b0e70, 0x000001ebc9cb7c30, 0x000001ebc9cb9d00,
0x000001ebc9cb75a0, 0x000001ebc9cb82c0, 0x000001ebc9cb8950, 0x000001ebc9cbbdd0,
0x000001ebc9cbc460, 0x000001ebc9cb8fe0, 0x000001ebc9cbcaf0, 0x000001ebc9cb9670,
0x000001ebc9cbb740, 0x000001ebc9cba390
}

Java Threads: ( => current thread )
  0x000001ebfa0b8690 JavaThread "Reference Handler"          daemon [_thread_blocked, id=8496, stack(0x000000e483e00000,0x000000e483f00000) (1024K)]
  0x000001ebfa0b9e10 JavaThread "Finalizer"                  daemon [_thread_blocked, id=3484, stack(0x000000e483f00000,0x000000e484000000) (1024K)]
  0x000001ebfa0be090 JavaThread "Signal Dispatcher"          daemon [_thread_blocked, id=14404, stack(0x000000e484000000,0x000000e484100000) (1024K)]
  0x000001ebfa0c2510 JavaThread "Attach Listener"            daemon [_thread_blocked, id=17616, stack(0x000000e484100000,0x000000e484200000) (1024K)]
  0x000001ebfa0c0500 JavaThread "Service Thread"             daemon [_thread_blocked, id=5268, stack(0x000000e484200000,0x000000e484300000) (1024K)]
  0x000001ebfa0c1050 JavaThread "Monitor Deflation Thread"   daemon [_thread_blocked, id=11492, stack(0x000000e484300000,0x000000e484400000) (1024K)]
=>0x000001ebfa0c3e10 JavaThread "C2 CompilerThread0"         daemon [_thread_in_native, id=8224, stack(0x000000e484400000,0x000000e484500000) (1024K)]
  0x000001ebfa0e9000 JavaThread "C1 CompilerThread0"         daemon [_thread_in_vm, id=8664, stack(0x000000e484500000,0x000000e484600000) (1024K)]
  0x000001ebfa08a2c0 JavaThread "Common-Cleaner"             daemon [_thread_blocked, id=4900, stack(0x000000e484600000,0x000000e484700000) (1024K)]
  0x000001ebc52a2720 JavaThread "Notification Thread"        daemon [_thread_blocked, id=13584, stack(0x000000e484700000,0x000000e484800000) (1024K)]
  0x000001ebc5d221f0 JavaThread "RMI TCP Accept-0"           daemon [_thread_in_native, id=13912, stack(0x000000e484b00000,0x000000e484c00000) (1024K)]
  0x000001ebc59ed280 JavaThread "RMI TCP Accept-51493"       daemon [_thread_in_native, id=18060, stack(0x000000e484c00000,0x000000e484d00000) (1024K)]
  0x000001ebc57e7ee0 JavaThread "RMI TCP Accept-0"           daemon [_thread_in_native, id=10868, stack(0x000000e484d00000,0x000000e484e00000) (1024K)]
  0x000001ebc64d94e0 JavaThread "WindowsStreamPump"          daemon [_thread_in_native, id=6404, stack(0x000000e485100000,0x000000e485200000) (1024K)]
  0x000001ebc68b35d0 JavaThread "mysql-cj-abandoned-connection-cleanup" daemon [_thread_blocked, id=8368, stack(0x000000e485000000,0x000000e485100000) (1024K)]
  0x000001ebc68b3c60 JavaThread "HikariPool-1 housekeeper"   daemon [_thread_blocked, id=9932, stack(0x000000e485300000,0x000000e485400000) (1024K)]
  0x000001ebc68b42f0 JavaThread "Catalina-utility-1"                [_thread_blocked, id=15528, stack(0x000000e485500000,0x000000e485600000) (1024K)]
  0x000001ebc68b1500 JavaThread "Catalina-utility-2"                [_thread_in_vm, id=14656, stack(0x000000e485600000,0x000000e485700000) (1024K)]
  0x000001ebc68b28b0 JavaThread "container-0"                       [_thread_blocked, id=11436, stack(0x000000e485700000,0x000000e485800000) (1024K)]
  0x000001ebc68b1b90 JavaThread "File Watcher"               daemon [_thread_blocked, id=1760, stack(0x000000e485400000,0x000000e485500000) (1024K)]
  0x000001ebc68b2220 JavaThread "Live Reload Server"         daemon [_thread_in_native, id=8132, stack(0x000000e485900000,0x000000e485a00000) (1024K)]
  0x000001ebc68b0e70 JavaThread "http-nio-8080-exec-1"       daemon [_thread_blocked, id=14368, stack(0x000000e485800000,0x000000e485900000) (1024K)]
  0x000001ebc9cb7c30 JavaThread "http-nio-8080-exec-2"       daemon [_thread_blocked, id=8200, stack(0x000000e485a00000,0x000000e485b00000) (1024K)]
  0x000001ebc9cb9d00 JavaThread "http-nio-8080-exec-3"       daemon [_thread_blocked, id=9088, stack(0x000000e485b00000,0x000000e485c00000) (1024K)]
  0x000001ebc9cb75a0 JavaThread "http-nio-8080-exec-4"       daemon [_thread_blocked, id=16532, stack(0x000000e485c00000,0x000000e485d00000) (1024K)]
  0x000001ebc9cb82c0 JavaThread "http-nio-8080-exec-5"       daemon [_thread_blocked, id=9172, stack(0x000000e485d00000,0x000000e485e00000) (1024K)]
  0x000001ebc9cb8950 JavaThread "http-nio-8080-exec-6"       daemon [_thread_blocked, id=19404, stack(0x000000e485e00000,0x000000e485f00000) (1024K)]
  0x000001ebc9cbbdd0 JavaThread "http-nio-8080-exec-7"       daemon [_thread_blocked, id=7844, stack(0x000000e485f00000,0x000000e486000000) (1024K)]
  0x000001ebc9cbc460 JavaThread "http-nio-8080-exec-8"       daemon [_thread_blocked, id=9032, stack(0x000000e486000000,0x000000e486100000) (1024K)]
  0x000001ebc9cb8fe0 JavaThread "http-nio-8080-exec-9"       daemon [_thread_blocked, id=1496, stack(0x000000e486100000,0x000000e486200000) (1024K)]
  0x000001ebc9cbcaf0 JavaThread "http-nio-8080-exec-10"      daemon [_thread_in_vm, id=9752, stack(0x000000e486200000,0x000000e486300000) (1024K)]
  0x000001ebc9cb9670 JavaThread "http-nio-8080-Poller"       daemon [_thread_in_native, id=14544, stack(0x000000e486300000,0x000000e486400000) (1024K)]
  0x000001ebc9cbb740 JavaThread "http-nio-8080-Acceptor"     daemon [_thread_in_native, id=13640, stack(0x000000e486400000,0x000000e486500000) (1024K)]
  0x000001ebc9cba390 JavaThread "DestroyJavaVM"                     [_thread_blocked, id=17208, stack(0x000000e483600000,0x000000e483700000) (1024K)]
Total: 34

Other Threads:
  0x000001ebfa0a08f0 VMThread "VM Thread"                           [id=18352, stack(0x000000e483d00000,0x000000e483e00000) (1024K)]
  0x000001ebddad7950 WatcherThread "VM Periodic Task Thread"        [id=4180, stack(0x000000e483c00000,0x000000e483d00000) (1024K)]
  0x000001ebddb22c40 WorkerThread "GC Thread#0"                     [id=6060, stack(0x000000e483700000,0x000000e483800000) (1024K)]
  0x000001ebc57f07a0 WorkerThread "GC Thread#1"                     [id=14028, stack(0x000000e484800000,0x000000e484900000) (1024K)]
  0x000001ebc59e6030 WorkerThread "GC Thread#2"                     [id=15944, stack(0x000000e484900000,0x000000e484a00000) (1024K)]
  0x000001ebc59e63e0 WorkerThread "GC Thread#3"                     [id=18960, stack(0x000000e484a00000,0x000000e484b00000) (1024K)]
  0x000001ebddb2b2f0 ConcurrentGCThread "G1 Main Marker"            [id=19208, stack(0x000000e483800000,0x000000e483900000) (1024K)]
  0x000001ebddb2cc20 WorkerThread "G1 Conc#0"                       [id=12756, stack(0x000000e483900000,0x000000e483a00000) (1024K)]
  0x000001ebddb82b10 ConcurrentGCThread "G1 Refine#0"               [id=18548, stack(0x000000e483a00000,0x000000e483b00000) (1024K)]
  0x000001ebddb83590 ConcurrentGCThread "G1 Service"                [id=16492, stack(0x000000e483b00000,0x000000e483c00000) (1024K)]
Total: 10

Threads with active compile tasks:
C2 CompilerThread0  881121 10487       4       jdk.internal.loader.URLClassPath$1::next (59 bytes)
C1 CompilerThread0  881121 10616   !   3       com.mysql.cj.NativeSession::execSQL (570 bytes)
Total: 2

VM state: not at safepoint (normal execution)

VM Mutex/Monitor currently owned by a thread: None

Heap address: 0x00000000c4200000, size: 958 MB, Compressed Oops mode: 32-bit

CDS archive(s) mapped at: [0x000001eb80000000-0x000001eb80c60000-0x000001eb80c60000), size 12976128, SharedBaseAddress: 0x000001eb80000000, ArchiveRelocationMode: 1.
Compressed class space mapped at: 0x000001eb81000000-0x000001ebc1000000, reserved size: 1073741824
Narrow klass base: 0x000001eb80000000, Narrow klass shift: 0, Narrow klass range: 0x41000000

GC Precious Log:
 CardTable entry size: 512
 Card Set container configuration: InlinePtr #cards 5 size 8 Array Of Cards #cards 12 size 40 Howl #buckets 4 coarsen threshold 1843 Howl Bitmap #cards 512 size 80 coarsen threshold 460 Card regions per heap region 1 cards per card region 2048
 CPUs: 4 total, 4 available
 Memory: 3830M
 Large Page Support: Disabled
 NUMA Support: Disabled
 Compressed Oops: Enabled (32-bit)
 Heap Region Size: 1M
 Heap Min Capacity: 8M
 Heap Initial Capacity: 60M
 Heap Max Capacity: 958M
 Pre-touch: Disabled
 Parallel Workers: 4
 Concurrent Workers: 1
 Concurrent Refinement Workers: 4
 Periodic GC: Disabled

Heap:
 garbage-first heap   total reserved 980992K, committed 150528K, used 90604K [0x00000000c4200000, 0x0000000100000000)
  region size 1024K, 47 young (48128K), 3 survivors (3072K)
 Metaspace       used 93176K, committed 93952K, reserved 1179648K
  class space    used 13088K, committed 13440K, reserved 1048576K

Heap Regions: E=young(eden), S=young(survivor), O=old, HS=humongous(starts), HC=humongous(continues), CS=collection set, F=free, TAMS=top-at-mark-start, PB=parsable bottom
|   0|0x00000000c4200000, 0x00000000c4300000, 0x00000000c4300000|100%|HS|  |TAMS 0x00000000c4200000| PB 0x00000000c4200000| Complete |  0
|   1|0x00000000c4300000, 0x00000000c4400000, 0x00000000c4400000|100%|HS|  |TAMS 0x00000000c4300000| PB 0x00000000c4300000| Complete |  0
|   2|0x00000000c4400000, 0x00000000c4500000, 0x00000000c4500000|100%| O|  |TAMS 0x00000000c4400000| PB 0x00000000c4400000| Untracked |  0
|   3|0x00000000c4500000, 0x00000000c4600000, 0x00000000c4600000|100%| O|  |TAMS 0x00000000c4500000| PB 0x00000000c4500000| Untracked |  0
|   4|0x00000000c4600000, 0x00000000c4700000, 0x00000000c4700000|100%| O|  |TAMS 0x00000000c4600000| PB 0x00000000c4600000| Untracked |  0
|   5|0x00000000c4700000, 0x00000000c4800000, 0x00000000c4800000|100%| O|  |TAMS 0x00000000c4700000| PB 0x00000000c4700000| Untracked |  0
|   6|0x00000000c4800000, 0x00000000c4900000, 0x00000000c4900000|100%| O|  |TAMS 0x00000000c4800000| PB 0x00000000c4800000| Untracked |  0
|   7|0x00000000c4900000, 0x00000000c4a00000, 0x00000000c4a00000|100%| O|  |TAMS 0x00000000c4900000| PB 0x00000000c4900000| Untracked |  0
|   8|0x00000000c4a00000, 0x00000000c4b00000, 0x00000000c4b00000|100%| O|  |TAMS 0x00000000c4a00000| PB 0x00000000c4a00000| Untracked |  0
|   9|0x00000000c4b00000, 0x00000000c4c00000, 0x00000000c4c00000|100%| O|  |TAMS 0x00000000c4b00000| PB 0x00000000c4b00000| Untracked |  0
|  10|0x00000000c4c00000, 0x00000000c4d00000, 0x00000000c4d00000|100%| O|  |TAMS 0x00000000c4c00000| PB 0x00000000c4c00000| Untracked |  0
|  11|0x00000000c4d00000, 0x00000000c4e00000, 0x00000000c4e00000|100%| O|  |TAMS 0x00000000c4d00000| PB 0x00000000c4d00000| Untracked |  0
|  12|0x00000000c4e00000, 0x00000000c4f00000, 0x00000000c4f00000|100%| O|  |TAMS 0x00000000c4e00000| PB 0x00000000c4e00000| Untracked |  0
|  13|0x00000000c4f00000, 0x00000000c5000000, 0x00000000c5000000|100%| O|  |TAMS 0x00000000c4f00000| PB 0x00000000c4f00000| Untracked |  0
|  14|0x00000000c5000000, 0x00000000c5100000, 0x00000000c5100000|100%| O|  |TAMS 0x00000000c5000000| PB 0x00000000c5000000| Untracked |  0
|  15|0x00000000c5100000, 0x00000000c5200000, 0x00000000c5200000|100%| O|  |TAMS 0x00000000c5100000| PB 0x00000000c5100000| Untracked |  0
|  16|0x00000000c5200000, 0x00000000c5300000, 0x00000000c5300000|100%| O|  |TAMS 0x00000000c5200000| PB 0x00000000c5200000| Untracked |  0
|  17|0x00000000c5300000, 0x00000000c5400000, 0x00000000c5400000|100%| O|  |TAMS 0x00000000c5300000| PB 0x00000000c5300000| Untracked |  0
|  18|0x00000000c5400000, 0x00000000c5500000, 0x00000000c5500000|100%| O|  |TAMS 0x00000000c5400000| PB 0x00000000c5400000| Untracked |  0
|  19|0x00000000c5500000, 0x00000000c5600000, 0x00000000c5600000|100%| O|  |TAMS 0x00000000c5500000| PB 0x00000000c5500000| Untracked |  0
|  20|0x00000000c5600000, 0x00000000c5700000, 0x00000000c5700000|100%| O|  |TAMS 0x00000000c5600000| PB 0x00000000c5600000| Untracked |  0
|  21|0x00000000c5700000, 0x00000000c5800000, 0x00000000c5800000|100%| O|  |TAMS 0x00000000c5700000| PB 0x00000000c5700000| Untracked |  0
|  22|0x00000000c5800000, 0x00000000c58acba8, 0x00000000c5900000| 67%| O|Cm|TAMS 0x00000000c5800000| PB 0x00000000c5800000| Complete |  0
|  23|0x00000000c5900000, 0x00000000c5a00000, 0x00000000c5a00000|100%| O|  |TAMS 0x00000000c5900000| PB 0x00000000c5900000| Untracked |  0
|  24|0x00000000c5a00000, 0x00000000c5b00000, 0x00000000c5b00000|100%| O|  |TAMS 0x00000000c5a00000| PB 0x00000000c5a00000| Untracked |  0
|  25|0x00000000c5b00000, 0x00000000c5c00000, 0x00000000c5c00000|100%| O|  |TAMS 0x00000000c5b00000| PB 0x00000000c5b00000| Untracked |  0
|  26|0x00000000c5c00000, 0x00000000c5d00000, 0x00000000c5d00000|100%| O|  |TAMS 0x00000000c5c00000| PB 0x00000000c5c00000| Untracked |  0
|  27|0x00000000c5d00000, 0x00000000c5e00000, 0x00000000c5e00000|100%| O|  |TAMS 0x00000000c5d00000| PB 0x00000000c5d00000| Untracked |  0
|  28|0x00000000c5e00000, 0x00000000c5f00000, 0x00000000c5f00000|100%| O|  |TAMS 0x00000000c5e00000| PB 0x00000000c5e00000| Untracked |  0
|  29|0x00000000c5f00000, 0x00000000c6000000, 0x00000000c6000000|100%| O|  |TAMS 0x00000000c5f00000| PB 0x00000000c5f00000| Untracked |  0
|  30|0x00000000c6000000, 0x00000000c6100000, 0x00000000c6100000|100%| O|  |TAMS 0x00000000c6000000| PB 0x00000000c6000000| Untracked |  0
|  31|0x00000000c6100000, 0x00000000c6200000, 0x00000000c6200000|100%| O|  |TAMS 0x00000000c6100000| PB 0x00000000c6100000| Untracked |  0
|  32|0x00000000c6200000, 0x00000000c6300000, 0x00000000c6300000|100%|HS|  |TAMS 0x00000000c6200000| PB 0x00000000c6200000| Complete |  0
|  33|0x00000000c6300000, 0x00000000c6400000, 0x00000000c6400000|100%| O|  |TAMS 0x00000000c6300000| PB 0x00000000c6300000| Untracked |  0
|  34|0x00000000c6400000, 0x00000000c6500000, 0x00000000c6500000|100%| O|  |TAMS 0x00000000c6400000| PB 0x00000000c6400000| Untracked |  0
|  35|0x00000000c6500000, 0x00000000c6600000, 0x00000000c6600000|100%| O|  |TAMS 0x00000000c6500000| PB 0x00000000c6500000| Untracked |  0
|  36|0x00000000c6600000, 0x00000000c6700000, 0x00000000c6700000|100%| O|  |TAMS 0x00000000c6600000| PB 0x00000000c6600000| Untracked |  0
|  37|0x00000000c6700000, 0x00000000c6800000, 0x00000000c6800000|100%| O|  |TAMS 0x00000000c6700000| PB 0x00000000c6700000| Untracked |  0
|  38|0x00000000c6800000, 0x00000000c6900000, 0x00000000c6900000|100%| O|  |TAMS 0x00000000c6800000| PB 0x00000000c6800000| Untracked |  0
|  39|0x00000000c6900000, 0x00000000c6a00000, 0x00000000c6a00000|100%| O|  |TAMS 0x00000000c6900000| PB 0x00000000c6900000| Untracked |  0
|  40|0x00000000c6a00000, 0x00000000c6b00000, 0x00000000c6b00000|100%| O|  |TAMS 0x00000000c6a00000| PB 0x00000000c6a00000| Untracked |  0
|  41|0x00000000c6b00000, 0x00000000c6c00000, 0x00000000c6c00000|100%|HS|  |TAMS 0x00000000c6b00000| PB 0x00000000c6b00000| Complete |  0
|  42|0x00000000c6c00000, 0x00000000c6c00000, 0x00000000c6d00000|  0%| F|  |TAMS 0x00000000c6c00000| PB 0x00000000c6c00000| Untracked |  0
|  43|0x00000000c6d00000, 0x00000000c6e00000, 0x00000000c6e00000|100%| O|  |TAMS 0x00000000c6d00000| PB 0x00000000c6d00000| Untracked |  0
|  44|0x00000000c6e00000, 0x00000000c6f00000, 0x00000000c6f00000|100%| O|Cm|TAMS 0x00000000c6e00000| PB 0x00000000c6e00000| Complete |  0
|  45|0x00000000c6f00000, 0x00000000c6f00000, 0x00000000c7000000|  0%| F|  |TAMS 0x00000000c6f00000| PB 0x00000000c6f00000| Untracked |  0
|  46|0x00000000c7000000, 0x00000000c7000000, 0x00000000c7100000|  0%| F|  |TAMS 0x00000000c7000000| PB 0x00000000c7000000| Untracked |  0
|  47|0x00000000c7100000, 0x00000000c7100000, 0x00000000c7200000|  0%| F|  |TAMS 0x00000000c7100000| PB 0x00000000c7100000| Untracked |  0
|  48|0x00000000c7200000, 0x00000000c7200000, 0x00000000c7300000|  0%| F|  |TAMS 0x00000000c7200000| PB 0x00000000c7200000| Untracked |  0
|  49|0x00000000c7300000, 0x00000000c7300000, 0x00000000c7400000|  0%| F|  |TAMS 0x00000000c7300000| PB 0x00000000c7300000| Untracked |  0
|  50|0x00000000c7400000, 0x00000000c7400000, 0x00000000c7500000|  0%| F|  |TAMS 0x00000000c7400000| PB 0x00000000c7400000| Untracked |  0
|  51|0x00000000c7500000, 0x00000000c7500000, 0x00000000c7600000|  0%| F|  |TAMS 0x00000000c7500000| PB 0x00000000c7500000| Untracked |  0
|  52|0x00000000c7600000, 0x00000000c7600000, 0x00000000c7700000|  0%| F|  |TAMS 0x00000000c7600000| PB 0x00000000c7600000| Untracked |  0
|  53|0x00000000c7700000, 0x00000000c7700000, 0x00000000c7800000|  0%| F|  |TAMS 0x00000000c7700000| PB 0x00000000c7700000| Untracked |  0
|  54|0x00000000c7800000, 0x00000000c7800000, 0x00000000c7900000|  0%| F|  |TAMS 0x00000000c7800000| PB 0x00000000c7800000| Untracked |  0
|  55|0x00000000c7900000, 0x00000000c7900000, 0x00000000c7a00000|  0%| F|  |TAMS 0x00000000c7900000| PB 0x00000000c7900000| Untracked |  0
|  56|0x00000000c7a00000, 0x00000000c7ace610, 0x00000000c7b00000| 80%| S|CS|TAMS 0x00000000c7a00000| PB 0x00000000c7a00000| Complete |  0
|  57|0x00000000c7b00000, 0x00000000c7c00000, 0x00000000c7c00000|100%| S|CS|TAMS 0x00000000c7b00000| PB 0x00000000c7b00000| Complete |  0
|  58|0x00000000c7c00000, 0x00000000c7d00000, 0x00000000c7d00000|100%| S|CS|TAMS 0x00000000c7c00000| PB 0x00000000c7c00000| Complete |  0
|  59|0x00000000c7d00000, 0x00000000c7d00000, 0x00000000c7e00000|  0%| F|  |TAMS 0x00000000c7d00000| PB 0x00000000c7d00000| Untracked |  0
|  60|0x00000000c7e00000, 0x00000000c7e00000, 0x00000000c7f00000|  0%| F|  |TAMS 0x00000000c7e00000| PB 0x00000000c7e00000| Untracked |  0
|  61|0x00000000c7f00000, 0x00000000c7f00000, 0x00000000c8000000|  0%| F|  |TAMS 0x00000000c7f00000| PB 0x00000000c7f00000| Untracked |  0
|  62|0x00000000c8000000, 0x00000000c8000000, 0x00000000c8100000|  0%| F|  |TAMS 0x00000000c8000000| PB 0x00000000c8000000| Untracked |  0
|  63|0x00000000c8100000, 0x00000000c8100000, 0x00000000c8200000|  0%| F|  |TAMS 0x00000000c8100000| PB 0x00000000c8100000| Untracked |  0
|  64|0x00000000c8200000, 0x00000000c8200000, 0x00000000c8300000|  0%| F|  |TAMS 0x00000000c8200000| PB 0x00000000c8200000| Untracked |  0
|  65|0x00000000c8300000, 0x00000000c8300000, 0x00000000c8400000|  0%| F|  |TAMS 0x00000000c8300000| PB 0x00000000c8300000| Untracked |  0
|  66|0x00000000c8400000, 0x00000000c8400000, 0x00000000c8500000|  0%| F|  |TAMS 0x00000000c8400000| PB 0x00000000c8400000| Untracked |  0
|  67|0x00000000c8500000, 0x00000000c8500000, 0x00000000c8600000|  0%| F|  |TAMS 0x00000000c8500000| PB 0x00000000c8500000| Untracked |  0
|  68|0x00000000c8600000, 0x00000000c8600000, 0x00000000c8700000|  0%| F|  |TAMS 0x00000000c8600000| PB 0x00000000c8600000| Untracked |  0
|  69|0x00000000c8700000, 0x00000000c8700000, 0x00000000c8800000|  0%| F|  |TAMS 0x00000000c8700000| PB 0x00000000c8700000| Untracked |  0
|  70|0x00000000c8800000, 0x00000000c8800000, 0x00000000c8900000|  0%| F|  |TAMS 0x00000000c8800000| PB 0x00000000c8800000| Untracked |  0
|  71|0x00000000c8900000, 0x00000000c8900000, 0x00000000c8a00000|  0%| F|  |TAMS 0x00000000c8900000| PB 0x00000000c8900000| Untracked |  0
|  72|0x00000000c8a00000, 0x00000000c8a00000, 0x00000000c8b00000|  0%| F|  |TAMS 0x00000000c8a00000| PB 0x00000000c8a00000| Untracked |  0
|  73|0x00000000c8b00000, 0x00000000c8b00000, 0x00000000c8c00000|  0%| F|  |TAMS 0x00000000c8b00000| PB 0x00000000c8b00000| Untracked |  0
|  74|0x00000000c8c00000, 0x00000000c8c00000, 0x00000000c8d00000|  0%| F|  |TAMS 0x00000000c8c00000| PB 0x00000000c8c00000| Untracked |  0
|  75|0x00000000c8d00000, 0x00000000c8d00000, 0x00000000c8e00000|  0%| F|  |TAMS 0x00000000c8d00000| PB 0x00000000c8d00000| Untracked |  0
|  76|0x00000000c8e00000, 0x00000000c8e00000, 0x00000000c8f00000|  0%| F|  |TAMS 0x00000000c8e00000| PB 0x00000000c8e00000| Untracked |  0
|  77|0x00000000c8f00000, 0x00000000c8f00000, 0x00000000c9000000|  0%| F|  |TAMS 0x00000000c8f00000| PB 0x00000000c8f00000| Untracked |  0
|  78|0x00000000c9000000, 0x00000000c9000000, 0x00000000c9100000|  0%| F|  |TAMS 0x00000000c9000000| PB 0x00000000c9000000| Untracked |  0
|  79|0x00000000c9100000, 0x00000000c9100000, 0x00000000c9200000|  0%| F|  |TAMS 0x00000000c9100000| PB 0x00000000c9100000| Untracked |  0
|  80|0x00000000c9200000, 0x00000000c9200000, 0x00000000c9300000|  0%| F|  |TAMS 0x00000000c9200000| PB 0x00000000c9200000| Untracked |  0
|  81|0x00000000c9300000, 0x00000000c9300000, 0x00000000c9400000|  0%| F|  |TAMS 0x00000000c9300000| PB 0x00000000c9300000| Untracked |  0
|  82|0x00000000c9400000, 0x00000000c9400000, 0x00000000c9500000|  0%| F|  |TAMS 0x00000000c9400000| PB 0x00000000c9400000| Untracked |  0
|  83|0x00000000c9500000, 0x00000000c9500000, 0x00000000c9600000|  0%| F|  |TAMS 0x00000000c9500000| PB 0x00000000c9500000| Untracked |  0
|  92|0x00000000c9e00000, 0x00000000c9e00000, 0x00000000c9f00000|  0%| F|  |TAMS 0x00000000c9e00000| PB 0x00000000c9e00000| Untracked |  0
|  93|0x00000000c9f00000, 0x00000000c9f00000, 0x00000000ca000000|  0%| F|  |TAMS 0x00000000c9f00000| PB 0x00000000c9f00000| Untracked |  0
|  94|0x00000000ca000000, 0x00000000ca000000, 0x00000000ca100000|  0%| F|  |TAMS 0x00000000ca000000| PB 0x00000000ca000000| Untracked |  0
|  95|0x00000000ca100000, 0x00000000ca100000, 0x00000000ca200000|  0%| F|  |TAMS 0x00000000ca100000| PB 0x00000000ca100000| Untracked |  0
|  96|0x00000000ca200000, 0x00000000ca200000, 0x00000000ca300000|  0%| F|  |TAMS 0x00000000ca200000| PB 0x00000000ca200000| Untracked |  0
|  97|0x00000000ca300000, 0x00000000ca300000, 0x00000000ca400000|  0%| F|  |TAMS 0x00000000ca300000| PB 0x00000000ca300000| Untracked |  0
|  98|0x00000000ca400000, 0x00000000ca400000, 0x00000000ca500000|  0%| F|  |TAMS 0x00000000ca400000| PB 0x00000000ca400000| Untracked |  0
|  99|0x00000000ca500000, 0x00000000ca500000, 0x00000000ca600000|  0%| F|  |TAMS 0x00000000ca500000| PB 0x00000000ca500000| Untracked |  0
| 100|0x00000000ca600000, 0x00000000ca600000, 0x00000000ca700000|  0%| F|  |TAMS 0x00000000ca600000| PB 0x00000000ca600000| Untracked |  0
| 101|0x00000000ca700000, 0x00000000ca700000, 0x00000000ca800000|  0%| F|  |TAMS 0x00000000ca700000| PB 0x00000000ca700000| Untracked |  0
| 102|0x00000000ca800000, 0x00000000ca800000, 0x00000000ca900000|  0%| F|  |TAMS 0x00000000ca800000| PB 0x00000000ca800000| Untracked |  0
| 103|0x00000000ca900000, 0x00000000ca900000, 0x00000000caa00000|  0%| F|  |TAMS 0x00000000ca900000| PB 0x00000000ca900000| Untracked |  0
| 104|0x00000000caa00000, 0x00000000caa00000, 0x00000000cab00000|  0%| F|  |TAMS 0x00000000caa00000| PB 0x00000000caa00000| Untracked |  0
| 105|0x00000000cab00000, 0x00000000cab00000, 0x00000000cac00000|  0%| F|  |TAMS 0x00000000cab00000| PB 0x00000000cab00000| Untracked |  0
| 106|0x00000000cac00000, 0x00000000cac00000, 0x00000000cad00000|  0%| F|  |TAMS 0x00000000cac00000| PB 0x00000000cac00000| Untracked |  0
| 107|0x00000000cad00000, 0x00000000cad00000, 0x00000000cae00000|  0%| F|  |TAMS 0x00000000cad00000| PB 0x00000000cad00000| Untracked |  0
| 108|0x00000000cae00000, 0x00000000cae00000, 0x00000000caf00000|  0%| F|  |TAMS 0x00000000cae00000| PB 0x00000000cae00000| Untracked |  0
| 109|0x00000000caf00000, 0x00000000caf00000, 0x00000000cb000000|  0%| F|  |TAMS 0x00000000caf00000| PB 0x00000000caf00000| Untracked |  0
| 110|0x00000000cb000000, 0x00000000cb000000, 0x00000000cb100000|  0%| F|  |TAMS 0x00000000cb000000| PB 0x00000000cb000000| Untracked |  0
| 111|0x00000000cb100000, 0x00000000cb117658, 0x00000000cb200000|  9%| E|  |TAMS 0x00000000cb100000| PB 0x00000000cb100000| Complete |  0
| 112|0x00000000cb200000, 0x00000000cb300000, 0x00000000cb300000|100%| E|CS|TAMS 0x00000000cb200000| PB 0x00000000cb200000| Complete |  0
| 113|0x00000000cb300000, 0x00000000cb400000, 0x00000000cb400000|100%| E|  |TAMS 0x00000000cb300000| PB 0x00000000cb300000| Complete |  0
| 114|0x00000000cb400000, 0x00000000cb500000, 0x00000000cb500000|100%| E|CS|TAMS 0x00000000cb400000| PB 0x00000000cb400000| Complete |  0
| 115|0x00000000cb500000, 0x00000000cb600000, 0x00000000cb600000|100%| E|CS|TAMS 0x00000000cb500000| PB 0x00000000cb500000| Complete |  0
| 116|0x00000000cb600000, 0x00000000cb700000, 0x00000000cb700000|100%| E|CS|TAMS 0x00000000cb600000| PB 0x00000000cb600000| Complete |  0
| 117|0x00000000cb700000, 0x00000000cb800000, 0x00000000cb800000|100%| E|CS|TAMS 0x00000000cb700000| PB 0x00000000cb700000| Complete |  0
| 118|0x00000000cb800000, 0x00000000cb900000, 0x00000000cb900000|100%| E|CS|TAMS 0x00000000cb800000| PB 0x00000000cb800000| Complete |  0
| 119|0x00000000cb900000, 0x00000000cba00000, 0x00000000cba00000|100%| E|CS|TAMS 0x00000000cb900000| PB 0x00000000cb900000| Complete |  0
| 120|0x00000000cba00000, 0x00000000cbb00000, 0x00000000cbb00000|100%| E|CS|TAMS 0x00000000cba00000| PB 0x00000000cba00000| Complete |  0
| 121|0x00000000cbb00000, 0x00000000cbc00000, 0x00000000cbc00000|100%| E|CS|TAMS 0x00000000cbb00000| PB 0x00000000cbb00000| Complete |  0
| 122|0x00000000cbc00000, 0x00000000cbd00000, 0x00000000cbd00000|100%| E|CS|TAMS 0x00000000cbc00000| PB 0x00000000cbc00000| Complete |  0
| 123|0x00000000cbd00000, 0x00000000cbe00000, 0x00000000cbe00000|100%| E|CS|TAMS 0x00000000cbd00000| PB 0x00000000cbd00000| Complete |  0
| 124|0x00000000cbe00000, 0x00000000cbf00000, 0x00000000cbf00000|100%| E|CS|TAMS 0x00000000cbe00000| PB 0x00000000cbe00000| Complete |  0
| 125|0x00000000cbf00000, 0x00000000cc000000, 0x00000000cc000000|100%| E|CS|TAMS 0x00000000cbf00000| PB 0x00000000cbf00000| Complete |  0
| 126|0x00000000cc000000, 0x00000000cc100000, 0x00000000cc100000|100%| E|CS|TAMS 0x00000000cc000000| PB 0x00000000cc000000| Complete |  0
| 127|0x00000000cc100000, 0x00000000cc200000, 0x00000000cc200000|100%| E|CS|TAMS 0x00000000cc100000| PB 0x00000000cc100000| Complete |  0
| 128|0x00000000cc200000, 0x00000000cc300000, 0x00000000cc300000|100%| E|CS|TAMS 0x00000000cc200000| PB 0x00000000cc200000| Complete |  0
| 129|0x00000000cc300000, 0x00000000cc400000, 0x00000000cc400000|100%| E|CS|TAMS 0x00000000cc300000| PB 0x00000000cc300000| Complete |  0
| 130|0x00000000cc400000, 0x00000000cc500000, 0x00000000cc500000|100%| E|CS|TAMS 0x00000000cc400000| PB 0x00000000cc400000| Complete |  0
| 131|0x00000000cc500000, 0x00000000cc600000, 0x00000000cc600000|100%| E|CS|TAMS 0x00000000cc500000| PB 0x00000000cc500000| Complete |  0
| 132|0x00000000cc600000, 0x00000000cc700000, 0x00000000cc700000|100%| E|CS|TAMS 0x00000000cc600000| PB 0x00000000cc600000| Complete |  0
| 133|0x00000000cc700000, 0x00000000cc800000, 0x00000000cc800000|100%| E|CS|TAMS 0x00000000cc700000| PB 0x00000000cc700000| Complete |  0
| 134|0x00000000cc800000, 0x00000000cc900000, 0x00000000cc900000|100%| E|CS|TAMS 0x00000000cc800000| PB 0x00000000cc800000| Complete |  0
| 135|0x00000000cc900000, 0x00000000cca00000, 0x00000000cca00000|100%| E|CS|TAMS 0x00000000cc900000| PB 0x00000000cc900000| Complete |  0
| 136|0x00000000cca00000, 0x00000000ccb00000, 0x00000000ccb00000|100%| E|CS|TAMS 0x00000000cca00000| PB 0x00000000cca00000| Complete |  0
| 137|0x00000000ccb00000, 0x00000000ccc00000, 0x00000000ccc00000|100%| E|CS|TAMS 0x00000000ccb00000| PB 0x00000000ccb00000| Complete |  0
| 138|0x00000000ccc00000, 0x00000000ccd00000, 0x00000000ccd00000|100%| E|CS|TAMS 0x00000000ccc00000| PB 0x00000000ccc00000| Complete |  0
| 139|0x00000000ccd00000, 0x00000000cce00000, 0x00000000cce00000|100%| E|CS|TAMS 0x00000000ccd00000| PB 0x00000000ccd00000| Complete |  0
| 140|0x00000000cce00000, 0x00000000ccf00000, 0x00000000ccf00000|100%| E|CS|TAMS 0x00000000cce00000| PB 0x00000000cce00000| Complete |  0
| 141|0x00000000ccf00000, 0x00000000cd000000, 0x00000000cd000000|100%| E|CS|TAMS 0x00000000ccf00000| PB 0x00000000ccf00000| Complete |  0
| 142|0x00000000cd000000, 0x00000000cd100000, 0x00000000cd100000|100%| E|CS|TAMS 0x00000000cd000000| PB 0x00000000cd000000| Complete |  0
| 143|0x00000000cd100000, 0x00000000cd200000, 0x00000000cd200000|100%| E|CS|TAMS 0x00000000cd100000| PB 0x00000000cd100000| Complete |  0
| 144|0x00000000cd200000, 0x00000000cd300000, 0x00000000cd300000|100%| E|CS|TAMS 0x00000000cd200000| PB 0x00000000cd200000| Complete |  0
| 145|0x00000000cd300000, 0x00000000cd400000, 0x00000000cd400000|100%| E|CS|TAMS 0x00000000cd300000| PB 0x00000000cd300000| Complete |  0
| 146|0x00000000cd400000, 0x00000000cd500000, 0x00000000cd500000|100%| E|CS|TAMS 0x00000000cd400000| PB 0x00000000cd400000| Complete |  0
| 147|0x00000000cd500000, 0x00000000cd600000, 0x00000000cd600000|100%| E|CS|TAMS 0x00000000cd500000| PB 0x00000000cd500000| Complete |  0
| 148|0x00000000cd600000, 0x00000000cd700000, 0x00000000cd700000|100%| E|CS|TAMS 0x00000000cd600000| PB 0x00000000cd600000| Complete |  0
| 149|0x00000000cd700000, 0x00000000cd800000, 0x00000000cd800000|100%| E|CS|TAMS 0x00000000cd700000| PB 0x00000000cd700000| Complete |  0
| 150|0x00000000cd800000, 0x00000000cd900000, 0x00000000cd900000|100%| E|CS|TAMS 0x00000000cd800000| PB 0x00000000cd800000| Complete |  0
| 151|0x00000000cd900000, 0x00000000cda00000, 0x00000000cda00000|100%| E|CS|TAMS 0x00000000cd900000| PB 0x00000000cd900000| Complete |  0
| 152|0x00000000cda00000, 0x00000000cdb00000, 0x00000000cdb00000|100%| E|CS|TAMS 0x00000000cda00000| PB 0x00000000cda00000| Complete |  0
| 153|0x00000000cdb00000, 0x00000000cdc00000, 0x00000000cdc00000|100%| E|CS|TAMS 0x00000000cdb00000| PB 0x00000000cdb00000| Complete |  0
| 154|0x00000000cdc00000, 0x00000000cdd00000, 0x00000000cdd00000|100%| E|CS|TAMS 0x00000000cdc00000| PB 0x00000000cdc00000| Complete |  0

Card table byte_map: [0x000001ebf6a40000,0x000001ebf6c20000] _byte_map_base: 0x000001ebf641f000

Marking Bits: (CMBitMap*) 0x000001ebddb23250
 Bits: [0x000001ebf6c20000, 0x000001ebf7b18000)

Polling page: 0x000001ebdd460000

Metaspace:

Usage:
  Non-class:     78.21 MB used.
      Class:     12.78 MB used.
       Both:     90.99 MB used.

Virtual space:
  Non-class space:      128.00 MB reserved,      78.62 MB ( 61%) committed,  2 nodes.
      Class space:        1.00 GB reserved,      13.12 MB (  1%) committed,  1 nodes.
             Both:        1.12 GB reserved,      91.75 MB (  8%) committed. 

Chunk freelists:
   Non-Class:  1.22 MB
       Class:  2.92 MB
        Both:  4.14 MB

MaxMetaspaceSize: unlimited
CompressedClassSpaceSize: 1.00 GB
Initial GC threshold: 21.00 MB
Current GC threshold: 152.31 MB
CDS: on
 - commit_granule_bytes: 65536.
 - commit_granule_words: 8192.
 - virtual_space_node_default_size: 8388608.
 - enlarge_chunks_in_place: 1.
 - use_allocation_guard: 0.


Internal statistics:

num_allocs_failed_limit: 12.
num_arena_births: 1046.
num_arena_deaths: 0.
num_vsnodes_births: 3.
num_vsnodes_deaths: 0.
num_space_committed: 1468.
num_space_uncommitted: 0.
num_chunks_returned_to_freelist: 12.
num_chunks_taken_from_freelist: 4204.
num_chunk_merges: 12.
num_chunk_splits: 3116.
num_chunks_enlarged: 2487.
num_inconsistent_stats: 0.

CodeHeap 'non-profiled nmethods': size=120000Kb used=2961Kb max_used=4483Kb free=117038Kb
 bounds [0x000001ebeee00000, 0x000001ebef270000, 0x000001ebf6330000]
CodeHeap 'profiled nmethods': size=120000Kb used=6998Kb max_used=13071Kb free=113001Kb
 bounds [0x000001ebe7330000, 0x000001ebe8010000, 0x000001ebee860000]
CodeHeap 'non-nmethods': size=5760Kb used=2037Kb max_used=2066Kb free=3722Kb
 bounds [0x000001ebee860000, 0x000001ebeead0000, 0x000001ebeee00000]
 total_blobs=5018 nmethods=4215 adapters=705
 compilation: enabled
              stopped_count=0, restarted_count=0
 full_count=0

Compilation events (20 events):
Event: 880.956 Thread 0x000001ebfa0e9000 nmethod 10519 0x000001ebe7f8f910 code [0x000001ebe7f8fac0, 0x000001ebe7f8fc90]
Event: 880.956 Thread 0x000001ebfa0e9000 10520       3       org.hibernate.sql.ast.tree.from.ColumnReferenceQualifier::resolveTableReference (67 bytes)
Event: 880.957 Thread 0x000001ebfa0e9000 nmethod 10520 0x000001ebe7339510 code [0x000001ebe73397a0, 0x000001ebe733a518]
Event: 880.957 Thread 0x000001ebfa0e9000 10521       3       org.hibernate.metamodel.mapping.SelectableMapping::getSelectablePath (14 bytes)
Event: 880.957 Thread 0x000001ebfa0e9000 nmethod 10521 0x000001ebe7c0aa10 code [0x000001ebe7c0abe0, 0x000001ebe7c0afb0]
Event: 880.958 Thread 0x000001ebfa0e9000 10522       3       java.lang.Long::toString (55 bytes)
Event: 880.958 Thread 0x000001ebfa0e9000 nmethod 10522 0x000001ebe7c77b90 code [0x000001ebe7c77d60, 0x000001ebe7c780e0]
Event: 880.967 Thread 0x000001ebfa0e9000 10523       1       org.hibernate.engine.internal.StatefulPersistenceContext$EntityHolderImpl::getEntityEntry (5 bytes)
Event: 880.982 Thread 0x000001ebfa0e9000 nmethod 10523 0x000001ebef1af610 code [0x000001ebef1af7a0, 0x000001ebef1af868]
Event: 880.982 Thread 0x000001ebfa0e9000 10546       3       com.sun.crypto.provider.GaloisCounterMode$GCMEngine::restoreDst (28 bytes)
Event: 880.983 Thread 0x000001ebfa0e9000 nmethod 10546 0x000001ebe7d35490 code [0x000001ebe7d35660, 0x000001ebe7d359a0]
Event: 880.983 Thread 0x000001ebfa0e9000 10524       3       com.mysql.cj.protocol.a.NativeServerSession::getTransactionState (35 bytes)
Event: 880.983 Thread 0x000001ebfa0e9000 nmethod 10524 0x000001ebe7fa3010 code [0x000001ebe7fa31c0, 0x000001ebe7fa3400]
Event: 880.983 Thread 0x000001ebfa0e9000 10525       3       org.hibernate.sql.results.graph.AbstractFetchParent::findFetch (33 bytes)
Event: 880.986 Thread 0x000001ebfa0e9000 nmethod 10525 0x000001ebe7778690 code [0x000001ebe77788a0, 0x000001ebe7778ff8]
Event: 880.986 Thread 0x000001ebfa0e9000 10529       1       org.springframework.web.context.request.ServletRequestAttributes::getResponse (5 bytes)
Event: 880.986 Thread 0x000001ebfa0e9000 nmethod 10529 0x000001ebef118890 code [0x000001ebef118a20, 0x000001ebef118ae8]
Event: 880.986 Thread 0x000001ebfa0e9000 10548       1       org.springframework.aop.target.SingletonTargetSource::getTarget (5 bytes)
Event: 880.986 Thread 0x000001ebfa0e9000 nmethod 10548 0x000001ebef210990 code [0x000001ebef210b20, 0x000001ebef210be8]
Event: 880.986 Thread 0x000001ebfa0e9000 10537       1       org.hibernate.engine.internal.AbstractEntityEntry::setMaybeLazySet (6 bytes)

GC Heap History (20 events):
Event: 876.056 GC heap before
{Heap before GC invocations=47 (full 0):
 garbage-first heap   total reserved 980992K, committed 82944K, used 75670K [0x00000000c4200000, 0x0000000100000000)
  region size 1024K, 32 young (32768K), 1 survivors (1024K)
 Metaspace       used 92589K, committed 93312K, reserved 1179648K
  class space    used 13074K, committed 13376K, reserved 1048576K
}
Event: 876.057 GC heap after
{Heap after GC invocations=48 (full 0):
 garbage-first heap   total reserved 980992K, committed 82944K, used 43905K [0x00000000c4200000, 0x0000000100000000)
  region size 1024K, 1 young (1024K), 1 survivors (1024K)
 Metaspace       used 92589K, committed 93312K, reserved 1179648K
  class space    used 13074K, committed 13376K, reserved 1048576K
}
Event: 876.110 GC heap before
{Heap before GC invocations=48 (full 0):
 garbage-first heap   total reserved 980992K, committed 82944K, used 75649K [0x00000000c4200000, 0x0000000100000000)
  region size 1024K, 32 young (32768K), 1 survivors (1024K)
 Metaspace       used 92589K, committed 93312K, reserved 1179648K
  class space    used 13074K, committed 13376K, reserved 1048576K
}
Event: 876.116 GC heap after
{Heap after GC invocations=49 (full 0):
 garbage-first heap   total reserved 980992K, committed 82944K, used 43755K [0x00000000c4200000, 0x0000000100000000)
  region size 1024K, 1 young (1024K), 1 survivors (1024K)
 Metaspace       used 92589K, committed 93312K, reserved 1179648K
  class space    used 13074K, committed 13376K, reserved 1048576K
}
Event: 876.180 GC heap before
{Heap before GC invocations=49 (full 0):
 garbage-first heap   total reserved 980992K, committed 82944K, used 75499K [0x00000000c4200000, 0x0000000100000000)
  region size 1024K, 32 young (32768K), 1 survivors (1024K)
 Metaspace       used 92589K, committed 93312K, reserved 1179648K
  class space    used 13074K, committed 13376K, reserved 1048576K
}
Event: 876.182 GC heap after
{Heap after GC invocations=50 (full 0):
 garbage-first heap   total reserved 980992K, committed 82944K, used 43757K [0x00000000c4200000, 0x0000000100000000)
  region size 1024K, 1 young (1024K), 1 survivors (1024K)
 Metaspace       used 92589K, committed 93312K, reserved 1179648K
  class space    used 13074K, committed 13376K, reserved 1048576K
}
Event: 876.344 GC heap before
{Heap before GC invocations=51 (full 0):
 garbage-first heap   total reserved 980992K, committed 82944K, used 75501K [0x00000000c4200000, 0x0000000100000000)
  region size 1024K, 32 young (32768K), 1 survivors (1024K)
 Metaspace       used 92590K, committed 93312K, reserved 1179648K
  class space    used 13074K, committed 13376K, reserved 1048576K
}
Event: 876.346 GC heap after
{Heap after GC invocations=52 (full 0):
 garbage-first heap   total reserved 980992K, committed 82944K, used 43972K [0x00000000c4200000, 0x0000000100000000)
  region size 1024K, 1 young (1024K), 1 survivors (1024K)
 Metaspace       used 92590K, committed 93312K, reserved 1179648K
  class space    used 13074K, committed 13376K, reserved 1048576K
}
Event: 877.555 GC heap before
{Heap before GC invocations=52 (full 0):
 garbage-first heap   total reserved 980992K, committed 82944K, used 75716K [0x00000000c4200000, 0x0000000100000000)
  region size 1024K, 32 young (32768K), 1 survivors (1024K)
 Metaspace       used 92782K, committed 93568K, reserved 1179648K
  class space    used 13081K, committed 13440K, reserved 1048576K
}
Event: 877.562 GC heap after
{Heap after GC invocations=53 (full 0):
 garbage-first heap   total reserved 980992K, committed 82944K, used 44484K [0x00000000c4200000, 0x0000000100000000)
  region size 1024K, 1 young (1024K), 1 survivors (1024K)
 Metaspace       used 92782K, committed 93568K, reserved 1179648K
  class space    used 13081K, committed 13440K, reserved 1048576K
}
Event: 877.612 GC heap before
{Heap before GC invocations=53 (full 0):
 garbage-first heap   total reserved 980992K, committed 82944K, used 45508K [0x00000000c4200000, 0x0000000100000000)
  region size 1024K, 4 young (4096K), 1 survivors (1024K)
 Metaspace       used 92806K, committed 93568K, reserved 1179648K
  class space    used 13081K, committed 13440K, reserved 1048576K
}
Event: 877.614 GC heap after
{Heap after GC invocations=54 (full 0):
 garbage-first heap   total reserved 980992K, committed 82944K, used 46574K [0x00000000c4200000, 0x0000000100000000)
  region size 1024K, 3 young (3072K), 3 survivors (3072K)
 Metaspace       used 92806K, committed 93568K, reserved 1179648K
  class space    used 13081K, committed 13440K, reserved 1048576K
}
Event: 877.745 GC heap before
{Heap before GC invocations=55 (full 0):
 garbage-first heap   total reserved 980992K, committed 82944K, used 74222K [0x00000000c4200000, 0x0000000100000000)
  region size 1024K, 30 young (30720K), 3 survivors (3072K)
 Metaspace       used 92840K, committed 93568K, reserved 1179648K
  class space    used 13083K, committed 13440K, reserved 1048576K
}
Event: 877.746 GC heap after
{Heap after GC invocations=56 (full 0):
 garbage-first heap   total reserved 980992K, committed 82944K, used 45966K [0x00000000c4200000, 0x0000000100000000)
  region size 1024K, 2 young (2048K), 2 survivors (2048K)
 Metaspace       used 92840K, committed 93568K, reserved 1179648K
  class space    used 13083K, committed 13440K, reserved 1048576K
}
Event: 877.785 GC heap before
{Heap before GC invocations=56 (full 0):
 garbage-first heap   total reserved 980992K, committed 82944K, used 75662K [0x00000000c4200000, 0x0000000100000000)
  region size 1024K, 31 young (31744K), 2 survivors (2048K)
 Metaspace       used 92840K, committed 93568K, reserved 1179648K
  class space    used 13083K, committed 13440K, reserved 1048576K
}
Event: 877.790 GC heap after
{Heap after GC invocations=57 (full 0):
 garbage-first heap   total reserved 980992K, committed 158720K, used 45043K [0x00000000c4200000, 0x0000000100000000)
  region size 1024K, 3 young (3072K), 3 survivors (3072K)
 Metaspace       used 92840K, committed 93568K, reserved 1179648K
  class space    used 13083K, committed 13440K, reserved 1048576K
}
Event: 877.939 GC heap before
{Heap before GC invocations=57 (full 0):
 garbage-first heap   total reserved 980992K, committed 158720K, used 122867K [0x00000000c4200000, 0x0000000100000000)
  region size 1024K, 79 young (80896K), 3 survivors (3072K)
 Metaspace       used 92840K, committed 93568K, reserved 1179648K
  class space    used 13083K, committed 13440K, reserved 1048576K
}
Event: 877.941 GC heap after
{Heap after GC invocations=58 (full 0):
 garbage-first heap   total reserved 980992K, committed 158720K, used 44541K [0x00000000c4200000, 0x0000000100000000)
  region size 1024K, 2 young (2048K), 2 survivors (2048K)
 Metaspace       used 92840K, committed 93568K, reserved 1179648K
  class space    used 13083K, committed 13440K, reserved 1048576K
}
Event: 878.048 GC heap before
{Heap before GC invocations=59 (full 0):
 garbage-first heap   total reserved 980992K, committed 150528K, used 132605K [0x00000000c4200000, 0x0000000100000000)
  region size 1024K, 88 young (90112K), 2 survivors (2048K)
 Metaspace       used 92844K, committed 93632K, reserved 1179648K
  class space    used 13083K, committed 13440K, reserved 1048576K
}
Event: 878.049 GC heap after
{Heap after GC invocations=60 (full 0):
 garbage-first heap   total reserved 980992K, committed 150528K, used 45548K [0x00000000c4200000, 0x0000000100000000)
  region size 1024K, 3 young (3072K), 3 survivors (3072K)
 Metaspace       used 92844K, committed 93632K, reserved 1179648K
  class space    used 13083K, committed 13440K, reserved 1048576K
}

Dll operation events (12 events):
Event: 0.018 Loaded shared library C:\Program Files\Java\jdk-22\bin\java.dll
Event: 0.057 Loaded shared library C:\Program Files\Java\jdk-22\bin\jsvml.dll
Event: 0.157 Loaded shared library C:\Program Files\Java\jdk-22\bin\jimage.dll
Event: 0.163 Loaded shared library C:\Program Files\Java\jdk-22\bin\net.dll
Event: 0.166 Loaded shared library C:\Program Files\Java\jdk-22\bin\nio.dll
Event: 0.169 Loaded shared library C:\Program Files\Java\jdk-22\bin\zip.dll
Event: 0.233 Loaded shared library C:\Program Files\Java\jdk-22\bin\management.dll
Event: 0.243 Loaded shared library C:\Program Files\Java\jdk-22\bin\management_ext.dll
Event: 0.602 Loaded shared library C:\Program Files\Java\jdk-22\bin\extnet.dll
Event: 1.605 Loaded shared library C:\Program Files\Java\jdk-22\bin\le.dll
Event: 3.530 Loaded shared library C:\Program Files\Java\jdk-22\bin\sunmscapi.dll
Event: 6.691 Loaded shared library C:\Program Files\Java\jdk-22\bin\verify.dll

Deoptimization events (20 events):
Event: 877.574 Thread 0x000001ebc9cb9d00 Uncommon trap: trap_request=0xffffff45 fr.pc=0x000001ebef1b4124 relative=0x00000000000004e4
Event: 877.574 Thread 0x000001ebc9cb9d00 Uncommon trap: reason=unstable_if action=reinterpret pc=0x000001ebef1b4124 method=org.modelmapper.internal.TypeMapStore.isAnonymousEnumSubclass(Ljava/lang/Class;)Z @ 4 c2
Event: 877.574 Thread 0x000001ebc9cb9d00 DEOPT PACKING pc=0x000001ebef1b4124 sp=0x000000e485bfa2d0
Event: 877.574 Thread 0x000001ebc9cb9d00 DEOPT UNPACKING pc=0x000001ebee8b7da2 sp=0x000000e485bfa238 mode 2
Event: 877.747 Thread 0x000001ebfa08a2c0 Uncommon trap: trap_request=0xffffffde fr.pc=0x000001ebeeed0b9c relative=0x00000000000004dc
Event: 877.747 Thread 0x000001ebfa08a2c0 Uncommon trap: reason=class_check action=maybe_recompile pc=0x000001ebeeed0b9c method=jdk.internal.ref.PhantomCleanable.clean()V @ 12 c2
Event: 877.747 Thread 0x000001ebfa08a2c0 DEOPT PACKING pc=0x000001ebeeed0b9c sp=0x000000e4846ff640
Event: 877.747 Thread 0x000001ebfa08a2c0 DEOPT UNPACKING pc=0x000001ebee8b7da2 sp=0x000000e4846ff620 mode 2
Event: 877.778 Thread 0x000001ebc9cb9d00 DEOPT PACKING pc=0x000001ebe79018ad sp=0x000000e485bfa0d0
Event: 877.778 Thread 0x000001ebc9cb9d00 DEOPT UNPACKING pc=0x000001ebee8b88e2 sp=0x000000e485bf95a0 mode 0
Event: 878.043 Thread 0x000001ebc9cb9d00 Uncommon trap: trap_request=0xffffffde fr.pc=0x000001ebeee60b60 relative=0x00000000000009a0
Event: 878.043 Thread 0x000001ebc9cb9d00 Uncommon trap: reason=class_check action=maybe_recompile pc=0x000001ebeee60b60 method=java.lang.reflect.Array.newInstance(Ljava/lang/Class;I)Ljava/lang/Object; @ 2 c2
Event: 878.043 Thread 0x000001ebc9cb9d00 DEOPT PACKING pc=0x000001ebeee60b60 sp=0x000000e485bfa130
Event: 878.043 Thread 0x000001ebc9cb9d00 DEOPT UNPACKING pc=0x000001ebee8b7da2 sp=0x000000e485bf9fe0 mode 2
Event: 878.060 Thread 0x000001ebc9cb9d00 Uncommon trap: trap_request=0xffffffde fr.pc=0x000001ebeee60b60 relative=0x00000000000009a0
Event: 878.060 Thread 0x000001ebc9cb9d00 Uncommon trap: reason=class_check action=maybe_recompile pc=0x000001ebeee60b60 method=java.lang.reflect.Array.newInstance(Ljava/lang/Class;I)Ljava/lang/Object; @ 2 c2
Event: 878.060 Thread 0x000001ebc9cb9d00 DEOPT PACKING pc=0x000001ebeee60b60 sp=0x000000e485bfa130
Event: 878.060 Thread 0x000001ebc9cb9d00 DEOPT UNPACKING pc=0x000001ebee8b7da2 sp=0x000000e485bf9fe0 mode 2
Event: 878.074 Thread 0x000001ebc9cb9d00 DEOPT PACKING pc=0x000001ebe7c186b6 sp=0x000000e485bfaca0
Event: 878.074 Thread 0x000001ebc9cb9d00 DEOPT UNPACKING pc=0x000001ebee8b88e2 sp=0x000000e485bfa180 mode 0

Classes loaded (20 events):
Event: 872.738 Loading class jdk/internal/access/JavaUtilConcurrentTLRAccess
Event: 872.739 Loading class jdk/internal/access/JavaUtilConcurrentTLRAccess done
Event: 872.740 Loading class jdk/internal/access/JavaNetHttpCookieAccess
Event: 872.741 Loading class jdk/internal/access/JavaNetHttpCookieAccess done
Event: 872.742 Loading class jdk/internal/access/JavaAWTAccess
Event: 872.742 Loading class jdk/internal/access/JavaAWTAccess done
Event: 872.742 Loading class jdk/internal/access/JavaAWTFontAccess
Event: 872.743 Loading class jdk/internal/access/JavaAWTFontAccess done
Event: 872.744 Loading class jdk/internal/access/JavaxCryptoSealedObjectAccess
Event: 872.744 Loading class jdk/internal/access/JavaxCryptoSealedObjectAccess done
Event: 872.744 Loading class jdk/internal/access/JavaTemplateAccess
Event: 872.745 Loading class jdk/internal/access/JavaTemplateAccess done
Event: 872.762 Loading class jdk/internal/reflect/ConstantPool$Tag
Event: 872.763 Loading class jdk/internal/reflect/ConstantPool$Tag done
Event: 872.815 Loading class javax/xml/datatype/DatatypeConfigurationException
Event: 872.815 Loading class javax/xml/datatype/DatatypeConfigurationException done
Event: 873.167 Loading class jdk/internal/vm/annotation/ForceInline
Event: 873.167 Loading class jdk/internal/vm/annotation/ForceInline done
Event: 875.239 Loading class javax/xml/datatype/XMLGregorianCalendar
Event: 875.240 Loading class javax/xml/datatype/XMLGregorianCalendar done

Classes unloaded (0 events):
No events

Classes redefined (0 events):
No events

Internal exceptions (20 events):
Event: 13.737 Thread 0x000001ebc60036a0 Exception <a 'java/lang/NoSuchMethodError'{0x00000000c75e2db0}: 'java.lang.Object java.lang.invoke.Invokers$Holder.invoke_MT(java.lang.Object, java.lang.Object, java.lang.Object, java.lang.Object, java.lang.Object, java.lang.Object, java.lang.Object, java.lang.Object, java.lang.Object, java.lang.Object, java.lang.Object)'> (0x00000000c75e2db0) 
thrown [s\open\src\hotspot\share\interpreter\linkResolver.cpp, line 774]
Event: 13.916 Thread 0x000001ebc60036a0 Exception <a 'java/lang/NoSuchMethodError'{0x00000000c7c78540}: 'void java.lang.invoke.DirectMethodHandle$Holder.invokeVirtual(java.lang.Object, java.lang.Object, long)'> (0x00000000c7c78540) 
thrown [s\open\src\hotspot\share\interpreter\linkResolver.cpp, line 774]
Event: 13.923 Thread 0x000001ebc60036a0 Exception <a 'java/lang/NoSuchMethodError'{0x00000000c7b73748}: 'java.lang.Object java.lang.invoke.DirectMethodHandle$Holder.newInvokeSpecial(java.lang.Object, java.lang.Object, int, java.lang.Object, java.lang.Object)'> (0x00000000c7b73748) 
thrown [s\open\src\hotspot\share\interpreter\linkResolver.cpp, line 774]
Event: 13.973 Thread 0x000001ebc60036a0 Implicit null exception at 0x000001ebef0a6265 to 0x000001ebef0a64ac
Event: 118.607 Thread 0x000001ebc9cbb740 Exception <a 'java/lang/NoSuchMethodError'{0x00000000c71b2268}: 'java.lang.Object java.lang.invoke.DirectMethodHandle$Holder.invokeStatic(java.lang.Object, java.lang.Object, java.lang.Object, int, int)'> (0x00000000c71b2268) 
thrown [s\open\src\hotspot\share\interpreter\linkResolver.cpp, line 774]
Event: 118.653 Thread 0x000001ebc9cbb740 Exception <a 'java/lang/NoSuchMethodError'{0x00000000c71b59c0}: 'java.lang.Object java.lang.invoke.DirectMethodHandle$Holder.invokeStaticInit(java.lang.Object, java.lang.Object, java.lang.Object, int, int)'> (0x00000000c71b59c0) 
thrown [s\open\src\hotspot\share\interpreter\linkResolver.cpp, line 774]
Event: 119.973 Thread 0x000001ebc68b0e70 Exception <a 'java/lang/NoSuchMethodError'{0x00000000c7f0ed48}: 'java.lang.Object java.lang.invoke.DirectMethodHandle$Holder.invokeSpecial(java.lang.Object, java.lang.Object, java.lang.Object, java.lang.Object, java.lang.Object, long)'> (0x00000000c7f0ed48) 
thrown [s\open\src\hotspot\share\interpreter\linkResolver.cpp, line 774]
Event: 119.974 Thread 0x000001ebc68b0e70 Exception <a 'java/lang/NoSuchMethodError'{0x00000000c7f124c0}: 'java.lang.Object java.lang.invoke.Invokers$Holder.linkToTargetMethod(java.lang.Object, java.lang.Object, java.lang.Object, long, java.lang.Object)'> (0x00000000c7f124c0) 
thrown [s\open\src\hotspot\share\interpreter\linkResolver.cpp, line 774]
Event: 122.534 Thread 0x000001ebc9cb7c30 Exception <a 'java/lang/IncompatibleClassChangeError'{0x00000000c78b1560}: Found class java.lang.Object, but interface was expected> (0x00000000c78b1560) 
thrown [s\open\src\hotspot\share\interpreter\linkResolver.cpp, line 841]
Event: 122.667 Thread 0x000001ebc9cb7c30 Exception <a 'java/lang/NoSuchMethodError'{0x00000000c7696390}: 'void java.lang.invoke.DirectMethodHandle$Holder.invokeSpecialIFC(java.lang.Object, java.lang.Object, int, java.lang.Object, java.lang.Object, java.lang.Object, java.lang.Object)'> (0x00000000c7696390) 
thrown [s\open\src\hotspot\share\interpreter\linkResolver.cpp, line 774]
Event: 122.884 Thread 0x000001ebc9cb7c30 Exception <a 'java/lang/IncompatibleClassChangeError'{0x00000000c730b310}: Found class java.lang.Object, but interface was expected> (0x00000000c730b310) 
thrown [s\open\src\hotspot\share\interpreter\linkResolver.cpp, line 841]
Event: 123.120 Thread 0x000001ebc9cb7c30 Exception <a 'java/lang/NoSuchMethodError'{0x00000000c7fb83b8}: 'java.lang.Object java.lang.invoke.DirectMethodHandle$Holder.invokeInterface(java.lang.Object, java.lang.Object, java.lang.Object, java.lang.Object, java.lang.Object)'> (0x00000000c7fb83b8) 
thrown [s\open\src\hotspot\share\interpreter\linkResolver.cpp, line 774]
Event: 123.510 Thread 0x000001ebc9cb7c30 Exception <a 'java/lang/IncompatibleClassChangeError'{0x00000000c84fb8e0}: Found class java.lang.Object, but interface was expected> (0x00000000c84fb8e0) 
thrown [s\open\src\hotspot\share\interpreter\linkResolver.cpp, line 841]
Event: 874.742 Thread 0x000001ebc9cb75a0 Exception <a 'java/lang/NoSuchMethodError'{0x00000000c8ec3a58}: 'void java.lang.invoke.Invokers$Holder.invokeExact_MT(java.lang.Object, java.lang.Object, java.lang.Object)'> (0x00000000c8ec3a58) 
thrown [s\open\src\hotspot\share\interpreter\linkResolver.cpp, line 774]
Event: 874.961 Thread 0x000001ebc9cbbdd0 Exception <a 'java/lang/NoSuchMethodError'{0x00000000c89bd5d8}: 'java.lang.Object java.lang.invoke.DirectMethodHandle$Holder.invokeVirtual(java.lang.Object, java.lang.Object, int)'> (0x00000000c89bd5d8) 
thrown [s\open\src\hotspot\share\interpreter\linkResolver.cpp, line 774]
Event: 874.962 Thread 0x000001ebc9cbbdd0 Exception <a 'java/lang/IllegalArgumentException'{0x00000000c89c8e58}: Wrong type at constant pool index> (0x00000000c89c8e58) 
thrown [s\open\src\hotspot\share\prims\jvm.cpp, line 2187]
Event: 874.963 Thread 0x000001ebc9cbbdd0 Exception <a 'java/lang/IllegalArgumentException'{0x00000000c89ca6d8}: Wrong type at constant pool index> (0x00000000c89ca6d8) 
thrown [s\open\src\hotspot\share\prims\jvm.cpp, line 2187]
Event: 875.572 Thread 0x000001ebc68b0e70 Implicit null exception at 0x000001ebef06d29f to 0x000001ebef06e23c
Event: 876.221 Thread 0x000001ebc68b0e70 Implicit null exception at 0x000001ebeee9aae6 to 0x000001ebeee9ad08
Event: 876.223 Thread 0x000001ebc68b0e70 Implicit null exception at 0x000001ebeef22b2a to 0x000001ebeef22bce

ZGC Phase Switch (0 events):
No events

VM Operations (20 events):
Event: 877.697 Executing VM operation: G1PauseRemark
Event: 877.700 Executing VM operation: G1PauseRemark done
Event: 877.735 Executing VM operation: G1PauseCleanup
Event: 877.735 Executing VM operation: G1PauseCleanup done
Event: 877.745 Executing VM operation: G1CollectForAllocation (G1 Evacuation Pause)
Event: 877.746 Executing VM operation: G1CollectForAllocation (G1 Evacuation Pause) done
Event: 877.785 Executing VM operation: G1CollectForAllocation (G1 Evacuation Pause)
Event: 877.790 Executing VM operation: G1CollectForAllocation (G1 Evacuation Pause) done
Event: 877.939 Executing VM operation: G1CollectForAllocation (G1 Evacuation Pause)
Event: 877.941 Executing VM operation: G1CollectForAllocation (G1 Evacuation Pause) done
Event: 878.007 Executing VM operation: G1PauseRemark
Event: 878.023 Executing VM operation: G1PauseRemark done
Event: 878.047 Executing VM operation: G1CollectForAllocation (G1 Evacuation Pause)
Event: 878.049 Executing VM operation: G1CollectForAllocation (G1 Evacuation Pause) done
Event: 878.054 Executing VM operation: G1PauseCleanup
Event: 878.055 Executing VM operation: G1PauseCleanup done
Event: 879.065 Executing VM operation: Cleanup
Event: 879.065 Executing VM operation: Cleanup done
Event: 880.074 Executing VM operation: Cleanup
Event: 880.075 Executing VM operation: Cleanup done

Memory protections (0 events):
No events

Nmethod flushes (20 events):
Event: 878.022 Thread 0x000001ebfa0a08f0 flushing  nmethod 0x000001ebe7efc210
Event: 878.022 Thread 0x000001ebfa0a08f0 flushing  nmethod 0x000001ebe7efcc90
Event: 878.022 Thread 0x000001ebfa0a08f0 flushing  nmethod 0x000001ebe7f00310
Event: 878.022 Thread 0x000001ebfa0a08f0 flushing  nmethod 0x000001ebe7f00b10
Event: 878.022 Thread 0x000001ebfa0a08f0 flushing  nmethod 0x000001ebe7f04910
Event: 878.022 Thread 0x000001ebfa0a08f0 flushing  nmethod 0x000001ebe7f09190
Event: 878.022 Thread 0x000001ebfa0a08f0 flushing  nmethod 0x000001ebe7f1b290
Event: 878.022 Thread 0x000001ebfa0a08f0 flushing  nmethod 0x000001ebe7f1d010
Event: 878.022 Thread 0x000001ebfa0a08f0 flushing  nmethod 0x000001ebe7f20090
Event: 878.022 Thread 0x000001ebfa0a08f0 flushing  nmethod 0x000001ebe7f20f90
Event: 878.023 Thread 0x000001ebfa0a08f0 flushing  nmethod 0x000001ebe7f26c10
Event: 878.023 Thread 0x000001ebfa0a08f0 flushing  nmethod 0x000001ebe7f4a410
Event: 878.023 Thread 0x000001ebfa0a08f0 flushing  nmethod 0x000001ebe7f4e110
Event: 878.023 Thread 0x000001ebfa0a08f0 flushing  nmethod 0x000001ebe7f4f890
Event: 878.023 Thread 0x000001ebfa0a08f0 flushing  nmethod 0x000001ebe7f4fe10
Event: 878.023 Thread 0x000001ebfa0a08f0 flushing  nmethod 0x000001ebe7f50e90
Event: 878.023 Thread 0x000001ebfa0a08f0 flushing  nmethod 0x000001ebe7f54590
Event: 878.023 Thread 0x000001ebfa0a08f0 flushing  nmethod 0x000001ebe7f56090
Event: 878.023 Thread 0x000001ebfa0a08f0 flushing  nmethod 0x000001ebe7f5ce90
Event: 878.023 Thread 0x000001ebfa0a08f0 flushing  nmethod 0x000001ebe7f5d210

Events (20 events):
Event: 13.865 Thread 0x000001ebc60036a0 Thread added: 0x000001ebc68b1b90
Event: 13.872 Thread 0x000001ebc60036a0 Thread added: 0x000001ebc68b0e70
Event: 13.873 Thread 0x000001ebc60036a0 Thread added: 0x000001ebc68b2220
Event: 13.874 Thread 0x000001ebc68b0e70 Thread exited: 0x000001ebc68b0e70
Event: 13.938 Thread 0x000001ebc60036a0 Thread added: 0x000001ebc68b0e70
Event: 13.938 Thread 0x000001ebc60036a0 Thread added: 0x000001ebc9cb7c30
Event: 13.938 Thread 0x000001ebc60036a0 Thread added: 0x000001ebc9cb9d00
Event: 13.939 Thread 0x000001ebc60036a0 Thread added: 0x000001ebc9cb75a0
Event: 13.939 Thread 0x000001ebc60036a0 Thread added: 0x000001ebc9cb82c0
Event: 13.939 Thread 0x000001ebc60036a0 Thread added: 0x000001ebc9cb8950
Event: 13.939 Thread 0x000001ebc60036a0 Thread added: 0x000001ebc9cbbdd0
Event: 13.939 Thread 0x000001ebc60036a0 Thread added: 0x000001ebc9cbc460
Event: 13.939 Thread 0x000001ebc60036a0 Thread added: 0x000001ebc9cb8fe0
Event: 13.939 Thread 0x000001ebc60036a0 Thread added: 0x000001ebc9cbcaf0
Event: 13.966 Thread 0x000001ebc60036a0 Thread added: 0x000001ebc9cb9670
Event: 13.968 Thread 0x000001ebc60036a0 Thread added: 0x000001ebc9cbb740
Event: 13.993 Thread 0x000001ebc60036a0 Thread exited: 0x000001ebc60036a0
Event: 14.000 Thread 0x000001ebc5ea6450 Thread exited: 0x000001ebc5ea6450
Event: 14.001 Thread 0x000001ebddae09d0 Thread exited: 0x000001ebddae09d0
Event: 14.001 Thread 0x000001ebc9cba390 Thread added: 0x000001ebc9cba390


Dynamic libraries:
0x00007ff7c9ea0000 - 0x00007ff7c9eb0000 	C:\Program Files\Java\jdk-22\bin\java.exe
0x00007ff81e220000 - 0x00007ff81e488000 	C:\WINDOWS\SYSTEM32\ntdll.dll
0x00007ff81d5e0000 - 0x00007ff81d6a9000 	C:\WINDOWS\System32\KERNEL32.DLL
0x00007ff81bbd0000 - 0x00007ff81bfbd000 	C:\WINDOWS\System32\KERNELBASE.dll
0x00007ff81b4d0000 - 0x00007ff81b61b000 	C:\WINDOWS\System32\ucrtbase.dll
0x00007ff80b830000 - 0x00007ff80b847000 	C:\Program Files\Java\jdk-22\bin\jli.dll
0x00007ff809710000 - 0x00007ff80972b000 	C:\Program Files\Java\jdk-22\bin\VCRUNTIME140.dll
0x00007ff81de60000 - 0x00007ff81e02c000 	C:\WINDOWS\System32\USER32.dll
0x00007ff81b4a0000 - 0x00007ff81b4c7000 	C:\WINDOWS\System32\win32u.dll
0x00007ff8079e0000 - 0x00007ff807c7a000 	C:\WINDOWS\WinSxS\amd64_microsoft.windows.common-controls_6595b64144ccf1df_6.0.26100.4484_none_3e0e6d4ce32ef3b3\COMCTL32.dll
0x00007ff81e030000 - 0x00007ff81e05b000 	C:\WINDOWS\System32\GDI32.dll
0x00007ff81dc20000 - 0x00007ff81dcc9000 	C:\WINDOWS\System32\msvcrt.dll
0x00007ff81b620000 - 0x00007ff81b757000 	C:\WINDOWS\System32\gdi32full.dll
0x00007ff81b8e0000 - 0x00007ff81b983000 	C:\WINDOWS\System32\msvcp_win.dll
0x00007ff81d3b0000 - 0x00007ff81d3df000 	C:\WINDOWS\System32\IMM32.DLL
0x00007ff8093f0000 - 0x00007ff8093fc000 	C:\Program Files\Java\jdk-22\bin\vcruntime140_1.dll
0x00007fffee290000 - 0x00007fffee31e000 	C:\Program Files\Java\jdk-22\bin\msvcp140.dll
0x00007fffb2970000 - 0x00007fffb36b9000 	C:\Program Files\Java\jdk-22\bin\server\jvm.dll
0x00007ff81d880000 - 0x00007ff81d934000 	C:\WINDOWS\System32\ADVAPI32.dll
0x00007ff81da00000 - 0x00007ff81daa6000 	C:\WINDOWS\System32\sechost.dll
0x00007ff81dcd0000 - 0x00007ff81dde8000 	C:\WINDOWS\System32\RPCRT4.dll
0x00007ff81d980000 - 0x00007ff81d9f4000 	C:\WINDOWS\System32\WS2_32.dll
0x00007ff81b1c0000 - 0x00007ff81b21e000 	C:\WINDOWS\SYSTEM32\POWRPROF.dll
0x00007ff818d20000 - 0x00007ff818d55000 	C:\WINDOWS\SYSTEM32\WINMM.dll
0x00007ff80ada0000 - 0x00007ff80adab000 	C:\WINDOWS\SYSTEM32\VERSION.dll
0x00007ff81b1a0000 - 0x00007ff81b1b4000 	C:\WINDOWS\SYSTEM32\UMPDC.dll
0x00007ff81a110000 - 0x00007ff81a12b000 	C:\WINDOWS\SYSTEM32\kernel.appcore.dll
0x00007ff8089b0000 - 0x00007ff8089ba000 	C:\Program Files\Java\jdk-22\bin\jimage.dll
0x00007ff8188d0000 - 0x00007ff818b11000 	C:\WINDOWS\SYSTEM32\DBGHELP.DLL
0x00007ff81c340000 - 0x00007ff81c6c6000 	C:\WINDOWS\System32\combase.dll
0x00007ff81d4f0000 - 0x00007ff81d5d0000 	C:\WINDOWS\System32\OLEAUT32.dll
0x00007ff818cd0000 - 0x00007ff818d13000 	C:\WINDOWS\SYSTEM32\dbgcore.DLL
0x00007ff81b400000 - 0x00007ff81b499000 	C:\WINDOWS\System32\bcryptPrimitives.dll
0x00007ff806220000 - 0x00007ff80623e000 	C:\Program Files\Java\jdk-22\bin\java.dll
0x00007ff81cb60000 - 0x00007ff81d2aa000 	C:\WINDOWS\System32\SHELL32.dll
0x00007ff81b990000 - 0x00007ff81bb04000 	C:\WINDOWS\System32\wintypes.dll
0x00007ff81d6c0000 - 0x00007ff81d85e000 	C:\WINDOWS\System32\ole32.dll
0x00007ff818f80000 - 0x00007ff8197db000 	C:\WINDOWS\SYSTEM32\windows.storage.dll
0x00007ff81c240000 - 0x00007ff81c335000 	C:\WINDOWS\System32\SHCORE.dll
0x00007ff81ddf0000 - 0x00007ff81de5a000 	C:\WINDOWS\System32\shlwapi.dll
0x00007ff81b280000 - 0x00007ff81b2af000 	C:\WINDOWS\SYSTEM32\profapi.dll
0x00007fffdcce0000 - 0x00007fffdcdb7000 	C:\Program Files\Java\jdk-22\bin\jsvml.dll
0x00007ff808980000 - 0x00007ff808990000 	C:\Program Files\Java\jdk-22\bin\net.dll
0x00007ff81a6a0000 - 0x00007ff81a70a000 	C:\WINDOWS\system32\mswsock.dll
0x00007ff805db0000 - 0x00007ff805dc6000 	C:\Program Files\Java\jdk-22\bin\nio.dll
0x00007ff803710000 - 0x00007ff803727000 	C:\Program Files\Java\jdk-22\bin\zip.dll
0x00007ff807c80000 - 0x00007ff807c8a000 	C:\Program Files\Java\jdk-22\bin\management.dll
0x00007ff807490000 - 0x00007ff80749b000 	C:\Program Files\Java\jdk-22\bin\management_ext.dll
0x00007ff81d940000 - 0x00007ff81d948000 	C:\WINDOWS\System32\PSAPI.DLL
0x00007ffff7230000 - 0x00007ffff7248000 	C:\WINDOWS\system32\napinsp.dll
0x00007ff819ad0000 - 0x00007ff819bf6000 	C:\WINDOWS\SYSTEM32\DNSAPI.dll
0x00007ff819a90000 - 0x00007ff819ac3000 	C:\WINDOWS\SYSTEM32\IPHLPAPI.DLL
0x00007ff81d870000 - 0x00007ff81d87a000 	C:\WINDOWS\System32\NSI.dll
0x00007ffff7210000 - 0x00007ffff7222000 	C:\WINDOWS\System32\winrnr.dll
0x00007ffff71d0000 - 0x00007ffff7200000 	C:\WINDOWS\system32\nlansp_c.dll
0x00007ffff70e0000 - 0x00007ffff7100000 	C:\WINDOWS\system32\wshbth.dll
0x00007ff80d270000 - 0x00007ff80d27b000 	C:\Windows\System32\rasadhlp.dll
0x00007ff812900000 - 0x00007ff812986000 	C:\WINDOWS\System32\fwpuclnt.dll
0x00007ff81a950000 - 0x00007ff81a96b000 	C:\WINDOWS\SYSTEM32\CRYPTSP.dll
0x00007ff81a070000 - 0x00007ff81a0ab000 	C:\WINDOWS\system32\rsaenh.dll
0x00007ff81a740000 - 0x00007ff81a76b000 	C:\WINDOWS\SYSTEM32\USERENV.dll
0x00007ff81b250000 - 0x00007ff81b276000 	C:\WINDOWS\SYSTEM32\bcrypt.dll
0x00007ff81a970000 - 0x00007ff81a97c000 	C:\WINDOWS\SYSTEM32\CRYPTBASE.dll
0x00007ff804460000 - 0x00007ff804469000 	C:\Program Files\Java\jdk-22\bin\extnet.dll
0x00007ff803a90000 - 0x00007ff803a9b000 	C:\Program Files\Java\jdk-22\bin\le.dll
0x00007ff8038e0000 - 0x00007ff8038ee000 	C:\Program Files\Java\jdk-22\bin\sunmscapi.dll
0x00007ff81b760000 - 0x00007ff81b8d7000 	C:\WINDOWS\System32\CRYPT32.dll
0x00007ff81ab70000 - 0x00007ff81aba0000 	C:\WINDOWS\SYSTEM32\ncrypt.dll
0x00007ff81ab20000 - 0x00007ff81ab5f000 	C:\WINDOWS\SYSTEM32\NTASN1.dll
0x00007ff8033f0000 - 0x00007ff803400000 	C:\Program Files\Java\jdk-22\bin\verify.dll
0x00007ff808990000 - 0x00007ff808998000 	C:\WINDOWS\system32\wshunix.dll

dbghelp: loaded successfully - version: 4.0.5 - missing functions: none
symbol engine: initialized successfully - sym options: 0x614 - pdb path: .;C:\Program Files\Java\jdk-22\bin;C:\WINDOWS\SYSTEM32;C:\WINDOWS\WinSxS\amd64_microsoft.windows.common-controls_6595b64144ccf1df_6.0.26100.4484_none_3e0e6d4ce32ef3b3;C:\Program Files\Java\jdk-22\bin\server

VM Arguments:
jvm_args: -Dcom.sun.management.jmxremote -Dcom.sun.management.jmxremote.port=51493 -Dcom.sun.management.jmxremote.authenticate=false -Dcom.sun.management.jmxremote.ssl=false -Dspring.jmx.enabled=true -Djava.rmi.server.hostname=localhost -Dspring.application.admin.enabled=true -Dspring.boot.project.name=orientaTCC -XX:+ShowCodeDetailsInExceptionMessages 
java_command: dac.orientaTCC.OrientaTccApplication
java_class_path (initial): C:\Users\eandr\OneDrive\Documentos\DAC\DAC-OrientaTCC-Back-end\target\classes;C:\Users\eandr\.m2\repository\org\springframework\boot\spring-boot-starter-data-jpa\3.4.5\spring-boot-starter-data-jpa-3.4.5.jar;C:\Users\eandr\.m2\repository\org\springframework\boot\spring-boot-starter\3.4.5\spring-boot-starter-3.4.5.jar;C:\Users\eandr\.m2\repository\org\springframework\boot\spring-boot-starter-logging\3.4.5\spring-boot-starter-logging-3.4.5.jar;C:\Users\eandr\.m2\repository\ch\qos\logback\logback-classic\1.5.18\logback-classic-1.5.18.jar;C:\Users\eandr\.m2\repository\ch\qos\logback\logback-core\1.5.18\logback-core-1.5.18.jar;C:\Users\eandr\.m2\repository\org\apache\logging\log4j\log4j-to-slf4j\2.24.3\log4j-to-slf4j-2.24.3.jar;C:\Users\eandr\.m2\repository\org\apache\logging\log4j\log4j-api\2.24.3\log4j-api-2.24.3.jar;C:\Users\eandr\.m2\repository\org\slf4j\jul-to-slf4j\2.0.17\jul-to-slf4j-2.0.17.jar;C:\Users\eandr\.m2\repository\jakarta\annotation\jakarta.annotation-api\2.1.1\jakarta.annotation-api-2.1.1.jar;C:\Users\eandr\.m2\repository\org\yaml\snakeyaml\2.3\snakeyaml-2.3.jar;C:\Users\eandr\.m2\repository\org\springframework\boot\spring-boot-starter-jdbc\3.4.5\spring-boot-starter-jdbc-3.4.5.jar;C:\Users\eandr\.m2\repository\com\zaxxer\HikariCP\5.1.0\HikariCP-5.1.0.jar;C:\Users\eandr\.m2\repository\org\springframework\spring-jdbc\6.2.6\spring-jdbc-6.2.6.jar;C:\Users\eandr\.m2\repository\org\hibernate\orm\hibernate-core\6.6.13.Final\hibernate-core-6.6.13.Final.jar;C:\Users\eandr\.m2\repository\jakarta\persistence\jakarta.persistence-api\3.1.0\jakarta.persistence-api-3.1.0.jar;C:\Users\eandr\.m2\repository\jakarta\transaction\jakarta.transaction-api\2.0.1\jakarta.transaction-api-2.0.1.jar;C:\Users\eandr\.m2\repository\org\jboss\logging\jboss-logging\3.6.1.Final\jboss-logging-3.6.1.Final.jar;C:\Users\eandr\.m2\repository\org\hibernate\common\hibernate-commons-annotations\7.0.3.Final\hibernate-commons-annotations-7.0.3.Final.jar;C:\Users\eandr\.m2\repository\io\smallrye\jandex\3.2.0\jandex-3.2.0.jar;C:\Users\eandr\.m2\repository\com\fasterxml\classmate\1.7.0\classmate-1.7.0.jar;C:\Users\eandr\.m2\repository\net\bytebuddy\byte-buddy\1.15.11\byte-buddy-1.15.11.jar;C:\Users\eandr\.m2\repository\org\glassfish\jaxb\jaxb-runtime\4.0.5\jaxb-runtime-4.0.5.jar;C:\Users\eandr\.m2\repository\org\glassfish\jaxb\jaxb-core\4.0.5\jaxb-core-4.0.5.jar;C:\Users\eandr\.m2\repository\org\eclipse\angus\angus-activation\2.0.2\angus-activation-2.0.2.jar;C:\Users\eandr\.m2\repository\org\glassfish\jaxb\txw2\4.0.5\txw2-4.0.5.jar;C:\Users\eandr\.m2\repository\com\sun\istack\istack-commons-runtime\4.1.2\istack-commons-runtime-4.1.2.jar;C:\Users\eandr\.m2\repository\jakarta\inject\jakarta.inject-api\2.0.1\jakarta.inject-api-2.0.1.jar;C:\Users\eandr\.m2\repository\org\antlr\antlr4-runtime\4.13.0\antlr4-runtime-4.13.0.jar;C:\Users\eandr\.m2\repository\org\springframework\data\spring-data-jpa\3.4.5\spring-data-jpa-3.4.5.jar;C:\Users\eandr\.m2\repository\org\springframework\data\spring-data-commons\3.4.5\spring-data-commons-3.4.5.jar;C:\Users\eandr\.m2\repository\org\springframework\spring-orm\6.2.6\spring-orm-6.2.6.jar;C:\Users\eandr\.m2\repository\org\springframework\spring-context\6.2.6\spring-context-6.2.6.jar;C:\Users\eandr\.m2\repository\org\springframework\spring-tx\6.2.6\spring-tx-6.2.6.jar;C:\Users\eandr\.m2\repository\org\springframework\spring-beans\6.2.6\spring-beans-6.2.6.jar;C:\Users\eandr\.m2\repository\org\slf4j\slf4j-api\2.0.17\slf4j-api-2.0.17.jar;C:\Users\eandr\.m2\repository\org\springframework\spring-aspects\6.2.6\spring-aspects-6.2.6.jar;C:\Users\eandr\.m2\repository\org\aspectj\aspectjweaver\1.9.24\aspectjweaver-1.9.24.jar;C:\Users\eandr\.m2\repository\org\springframework\boot\spring-boot-starter-security\3.4.5\spring-boot-starter-security-3.4.5.jar;C:\Users\eandr\.m2\repository\org\springframework\spring-aop\6.2.6\spring-aop-6.2.6.jar;C:\Users\eandr\.m2\repository\org\springframework\security\spring-security-config\6.4.5\spring-security-config-6.4.5.jar;C:\Users\eandr\.m2\repository\org\springframework\security\spring-security-web\6.4.5\spring-security-web-6.4.5.jar;C:\Users\eandr\.m2\repository\org\springframework\spring-expression\6.2.6\spring-expression-6.2.6.jar;C:\Users\eandr\.m2\repository\io\jsonwebtoken\jjwt-api\0.11.5\jjwt-api-0.11.5.jar;C:\Users\eandr\.m2\repository\io\jsonwebtoken\jjwt-impl\0.11.5\jjwt-impl-0.11.5.jar;C:\Users\eandr\.m2\repository\io\jsonwebtoken\jjwt-jackson\0.11.5\jjwt-jackson-0.11.5.jar;C:\Users\eandr\.m2\repository\org\springframework\boot\spring-boot-starter-web\3.4.5\spring-boot-starter-web-3.4.5.jar;C:\Users\eandr\.m2\repository\org\springframework\boot\spring-boot-starter-json\3.4.5\spring-boot-starter-json-3.4.5.jar;C:\Users\eandr\.m2\repository\com\fasterxml\jackson\datatype\jackson-datatype-jdk8\2.18.3\jackson-datatype-jdk8-2.18.3.jar;C:\Users\eandr\.m2\repository\com\fasterxml\jackson\datatype\jackson-datatype-jsr310\2.18.3\jackson-datatype-jsr310-2.18.3.jar;C:\Users\eandr\.m2\repository\com\fasterxml\jackson\module\jackson-module-parameter-names\2.18.3\jackson-module-parameter-names-2.18.3.jar;C:\Users\eandr\.m2\repository\org\springframework\boot\spring-boot-starter-tomcat\3.4.5\spring-boot-starter-tomcat-3.4.5.jar;C:\Users\eandr\.m2\repository\org\apache\tomcat\embed\tomcat-embed-core\10.1.40\tomcat-embed-core-10.1.40.jar;C:\Users\eandr\.m2\repository\org\apache\tomcat\embed\tomcat-embed-websocket\10.1.40\tomcat-embed-websocket-10.1.40.jar;C:\Users\eandr\.m2\repository\org\springframework\spring-web\6.2.6\spring-web-6.2.6.jar;C:\Users\eandr\.m2\repository\io\micrometer\micrometer-observation\1.14.6\micrometer-observation-1.14.6.jar;C:\Users\eandr\.m2\repository\io\micrometer\micrometer-commons\1.14.6\micrometer-commons-1.14.6.jar;C:\Users\eandr\.m2\repository\org\springframework\spring-webmvc\6.2.6\spring-webmvc-6.2.6.jar;C:\Users\eandr\.m2\repository\org\springframework\boot\spring-boot-starter-validation\3.4.5\spring-boot-starter-validation-3.4.5.jar;C:\Users\eandr\.m2\repository\org\apache\tomcat\embed\tomcat-embed-el\10.1.40\tomcat-embed-el-10.1.40.jar;C:\Users\eandr\.m2\repository\org\hibernate\validator\hibernate-validator\8.0.2.Final\hibernate-validator-8.0.2.Final.jar;C:\Users\eandr\.m2\repository\jakarta\validation\jakarta.validation-api\3.0.2\jakarta.validation-api-3.0.2.jar;C:\Users\eandr\.m2\repository\org\springframework\boot\spring-boot-devtools\3.4.5\spring-boot-devtools-3.4.5.jar;C:\Users\eandr\.m2\repository\org\springframework\boot\spring-boot\3.4.5\spring-boot-3.4.5.jar;C:\Users\eandr\.m2\repository\org\springframework\boot\spring-boot-autoconfigure\3.4.5\spring-boot-autoconfigure-3.4.5.jar;C:\Users\eandr\.m2\repository\com\mysql\mysql-connector-j\9.1.0\mysql-connector-j-9.1.0.jar;C:\Users\eandr\.m2\repository\org\projectlombok\lombok\1.18.38\lombok-1.18.38.jar;C:\Users\eandr\.m2\repository\jakarta\xml\bind\jakarta.xml.bind-api\4.0.2\jakarta.xml.bind-api-4.0.2.jar;C:\Users\eandr\.m2\repository\jakarta\activation\jakarta.activation-api\2.1.3\jakarta.activation-api-2.1.3.jar;C:\Users\eandr\.m2\repository\org\springframework\spring-core\6.2.6\spring-core-6.2.6.jar;C:\Users\eandr\.m2\repository\org\springframework\spring-jcl\6.2.6\spring-jcl-6.2.6.jar;C:\Users\eandr\.m2\repository\org\springframework\security\spring-security-core\6.4.5\spring-security-core-6.4.5.jar;C:\Users\eandr\.m2\repository\org\springframework\security\spring-security-crypto\6.4.5\spring-security-crypto-6.4.5.jar;C:\Users\eandr\.m2\repository\com\fasterxml\jackson\core\jackson-databind\2.18.3\jackson-databind-2.18.3.jar;C:\Users\eandr\.m2\repository\com\fasterxml\jackson\core\jackson-annotations\2.18.3\jackson-annotations-2.18.3.jar;C:\Users\eandr\.m2\repository\com\fasterxml\jackson\core\jackson-core\2.18.3\jackson-core-2.18.3.jar;C:\Users\eandr\.m2\repository\io\github\cdimascio\dotenv-java\3.0.0\dotenv-java-3.0.0.jar;C:\Users\eandr\.m2\repository\org\modelmapper\modelmapper\3.0.0\modelmapper-3.0.0.jar
Launcher Type: SUN_STANDARD

[Global flags]
     intx CICompilerCount                          = 3                                         {product} {ergonomic}
     uint ConcGCThreads                            = 1                                         {product} {ergonomic}
     uint G1ConcRefinementThreads                  = 4                                         {product} {ergonomic}
   size_t G1HeapRegionSize                         = 1048576                                   {product} {ergonomic}
   size_t InitialHeapSize                          = 62914560                                  {product} {ergonomic}
     bool ManagementServer                         = true                                      {product} {command line}
   size_t MarkStackSize                            = 4194304                                   {product} {ergonomic}
   size_t MaxHeapSize                              = 1004535808                                {product} {ergonomic}
   size_t MaxNewSize                               = 601882624                                 {product} {ergonomic}
   size_t MinHeapDeltaBytes                        = 1048576                                   {product} {ergonomic}
   size_t MinHeapSize                              = 8388608                                   {product} {ergonomic}
    uintx NonNMethodCodeHeapSize                   = 5832780                                {pd product} {ergonomic}
    uintx NonProfiledCodeHeapSize                  = 122912730                              {pd product} {ergonomic}
    uintx ProfiledCodeHeapSize                     = 122912730                              {pd product} {ergonomic}
    uintx ReservedCodeCacheSize                    = 251658240                              {pd product} {ergonomic}
     bool SegmentedCodeCache                       = true                                      {product} {ergonomic}
     bool ShowCodeDetailsInExceptionMessages       = true                                   {manageable} {command line}
   size_t SoftMaxHeapSize                          = 1004535808                             {manageable} {ergonomic}
     bool UseCompressedOops                        = true                           {product lp64_product} {ergonomic}
     bool UseG1GC                                  = true                                      {product} {ergonomic}
     bool UseLargePagesIndividualAllocation        = false                                  {pd product} {ergonomic}

Logging:
Log output configuration:
 #0: stdout all=warning uptime,level,tags foldmultilines=false
 #1: stderr all=off uptime,level,tags foldmultilines=false

Environment Variables:
PATH=C:\Program Files (x86)\NVIDIA Corporation\PhysX\Common;C:\Program Files\Common Files\Oracle\Java\javapath;C:\Program Files (x86)\Common Files\Oracle\Java\java8path;C:\Program Files (x86)\Common Files\Oracle\Java\javapath;C:\WINDOWS\system32;C:\WINDOWS;C:\WINDOWS\System32\Wbem;C:\WINDOWS\System32\WindowsPowerShell\v1.0\;C:\WINDOWS\System32\OpenSSH\;C:\Program Files\Git\cmd;C:\maven\bin;C:\Program Files (x86)\Microsoft SQL Server\160\Tools\Binn\;C:\Program Files\Microsoft SQL Server\160\Tools\Binn\;C:\Program Files\Microsoft SQL Server\Client SDK\ODBC\170\Tools\Binn\;C:\Program Files\Microsoft SQL Server\160\DTS\Binn\;C:\Program Files\Azure Data Studio\bin;C:\Program Files\dotnet\;C:\Users\eandr\Documents\apache-maven-3.9.6-bin\apache-maven-3.9.6\bin;;C:\Program Files\Docker\Docker\resources\bin;C:\Program Files\nodejs\;C:\Users\eandr\AppData\Local\Microsoft\WindowsApps;C:\Users\eandr\AppData\Local\GitHubDesktop\bin;C:\Users\eandr\AppData\Local\Programs\Microsoft VS Code\bin;C:\Program Files\Azure Data Studio\bin;C:\Users\eandr\.dotnet\tools;C:\Users\eandr\.localstack;C:\Users\eandr\AppData\Local\Muse Hub\lib;C:\ProgramData\Microsoft\Windows\Start Menu\Programs\Pupil v3.5.1;C:\Users\eandr\AppData\Local\Programs\mongosh\;C:\Users\eandr\AppData\Roaming\npm
USERNAME=eandr
LANG=en_US.UTF-8
OS=Windows_NT
PROCESSOR_IDENTIFIER=Intel64 Family 6 Model 140 Stepping 1, GenuineIntel
TMP=C:\Users\eandr\AppData\Local\Temp
TEMP=C:\Users\eandr\AppData\Local\Temp




Periodic native trim disabled

---------------  S Y S T E M  ---------------

OS:
 Windows 11 , 64 bit Build 26100 (10.0.26100.4484)
OS uptime: 28 days 5:39 hours
Hyper-V role detected

CPU: total 4 (initial active 4) (2 cores per cpu, 2 threads per core) family 6 model 140 stepping 1 microcode 0xbc, cx8, cmov, fxsr, ht, mmx, 3dnowpref, sse, sse2, sse3, ssse3, sse4.1, sse4.2, popcnt, lzcnt, tsc, tscinvbit, avx, avx2, aes, erms, clmul, bmi1, bmi2, adx, avx512f, avx512dq, avx512cd, avx512bw, avx512vl, sha, fma, vzeroupper, avx512_vpopcntdq, avx512_vpclmulqdq, avx512_vaes, avx512_vnni, clflush, clflushopt, clwb, avx512_vbmi2, avx512_vbmi, hv, rdtscp, rdpid, fsrm, gfni, avx512_bitalg, f16c, cet_ibt, cet_ss, avx512_ifma
Processor Information for all 4 processors :
  Max Mhz: 2995, Current Mhz: 2995, Mhz Limit: 2995

Memory: 4k page, system-wide physical 3830M (222M free)
TotalPageFile size 15606M (AvailPageFile size 0M)
current process WorkingSet (physical memory assigned to process): 237M, peak: 261M
current process commit charge ("private bytes"): 396M, peak: 407M

vm_info: Java HotSpot(TM) 64-Bit Server VM (22.0.2+9-70) for windows-amd64 JRE (22.0.2+9-70), built on 2024-06-04T16:52:23Z by "mach5one" with MS VC++ 17.6 (VS2022)

END.
